<?xml version="1.0" encoding="utf-8"?>
<TestRun id="b49ca455-e4a0-4ec9-a5f8-3a278098e6b7" name="@vm 2026-09-24 12:43:04" xmlns="http://microsoft.com/schemas/VisualStudio/TeamTest/2010">
  <Times creation="2026-09-24T12:43:04.2629612+00:00" queuing="2026-09-24T12:43:04.2629613+00:00" start="2026-09-24T12:43:03.4507484+00:00" finish="2026-09-24T12:43:04.5661061+00:00" />
  <TestSettings name="default" id="ee13a57f-3439-46f3-aedd-86443cfe84ab">
    <Deployment runDeploymentRoot="_vm_2026-09-24_12_43_04" />
  </TestSettings>
  <Results>
    <UnitTestResult executionId="924b0e65-91d4-4a32-9087-8f0e843a2bb1" testId="14881234-6ed4-7ff0-b483-b396357ebcb9" testName="RotatedBayUsesRotatedVehicleFootprint" computerName="vm" duration="00:00:00.0001360" startTime="2026-09-24T12:43:04.2084595+00:00" endTime="2026-09-24T12:43:04.2085957+00:00" testType="13cdc9d9-ddb5-4fa4-a97d-d965ccfc6d4b" outcome="Passed" testListId="8c84fa94-04c1-424b-9868-57a2d4851a1d" relativeResultsDirectory="924b0e65-91d4-4a32-9087-8f0e843a2bb1" />
    <UnitTestResult executionId="62d1e926-919d-45fb-9d56-3a2c08abe8e7" testId="7fe4e989-8416-788a-8f3d-026d82b331e5" testName="AcceleratesThroughGearsToCitySpeed" computerName="vm" duration="00:00:00.0380590" startTime="2026-09-24T12:43:04.2111720+00:00" endTime="2026-09-24T12:43:04.2492303+00:00" testType="13cdc9d9-ddb5-4fa4-a97d-d965ccfc6d4b" outcome="Passed" testListId="8c84fa94-04c1-424b-9868-57a2d4851a1d" relativeResultsDirectory="62d1e926-919d-45fb-9d56-3a2c08abe8e7" />
    <UnitTestResult executionId="bb65e457-908e-429d-bdcb-e797223d1214" testId="ed8bfc80-1ac8-ac0e-c71b-08ad3ddcee56" testName="ReverseParkingCannotPassByDrivingForward" computerName="vm" duration="00:00:00.0002150" startTime="2026-09-24T12:43:04.2082347+00:00" endTime="2026-09-24T12:43:04.2084491+00:00" testType="13cdc9d9-ddb5-4fa4-a97d-d965ccfc6d4b" outcome="Passed" testListId="8c84fa94-04c1-424b-9868-57a2d4851a1d" relativeResultsDirectory="bb65e457-908e-429d-bdcb-e797223d1214" />
    <UnitTestResult executionId="1163110b-6050-463e-88a9-8bfe7bf5534f" testId="3c6a03d7-325b-99f8-cc97-e00b7d653a2c" testName="EngineBrakingSlowsCoastingCarInGear" computerName="vm" duration="00:00:00.0113650" startTime="2026-09-24T12:43:04.3297571+00:00" endTime="2026-09-24T12:43:04.3411217+00:00" testType="13cdc9d9-ddb5-4fa4-a97d-d965ccfc6d4b" outcome="Passed" testListId="8c84fa94-04c1-424b-9868-57a2d4851a1d" relativeResultsDirectory="1163110b-6050-463e-88a9-8bfe7bf5534f" />
    <UnitTestResult executionId="d0648ba7-66df-428e-ab1b-88956ec4cc17" testId="797f4118-0ec5-3791-139c-87e53c13ae6f" testName="OrderingDryWetSnowIce" computerName="vm" duration="00:00:00.0003130" startTime="2026-09-24T12:43:04.1952459+00:00" endTime="2026-09-24T12:43:04.1955592+00:00" testType="13cdc9d9-ddb5-4fa4-a97d-d965ccfc6d4b" outcome="Passed" testListId="8c84fa94-04c1-424b-9868-57a2d4851a1d" relativeResultsDirectory="d0648ba7-66df-428e-ab1b-88956ec4cc17" />
    <UnitTestResult executionId="2d1892bc-d158-4d59-a92b-561ab8f8d00f" testId="2301ecda-79c5-3eb6-1173-fade459d2a94" testName="HeadlightModes" computerName="vm" duration="00:00:00.0003390" startTime="2026-09-24T12:43:04.4698514+00:00" endTime="2026-09-24T12:43:04.4701897+00:00" testType="13cdc9d9-ddb5-4fa4-a97d-d965ccfc6d4b" outcome="Passed" testListId="8c84fa94-04c1-424b-9868-57a2d4851a1d" relativeResultsDirectory="2d1892bc-d158-4d59-a92b-561ab8f8d00f" />
    <UnitTestResult executionId="fff822dd-bada-43b0-9953-b4277940af51" testId="3d0a6579-759a-d397-4667-3c589daeba63" testName="HillRollbackUsesAuthoredHeading(270)" computerName="vm" duration="00:00:00.0000250" startTime="2026-09-24T12:43:04.2065761+00:00" endTime="2026-09-24T12:43:04.2066016+00:00" testType="13cdc9d9-ddb5-4fa4-a97d-d965ccfc6d4b" outcome="Passed" testListId="8c84fa94-04c1-424b-9868-57a2d4851a1d" relativeResultsDirectory="fff822dd-bada-43b0-9953-b4277940af51" />
    <UnitTestResult executionId="6fdb4c3e-238f-4dfe-829f-18383099203e" testId="dcd3adda-858b-0c85-bd06-ab1b3a7e3595" testName="PressedPedalTransmitsNothing" computerName="vm" duration="00:00:00.0004180" startTime="2026-09-24T12:43:04.1361260+00:00" endTime="2026-09-24T12:43:04.1365443+00:00" testType="13cdc9d9-ddb5-4fa4-a97d-d965ccfc6d4b" outcome="Passed" testListId="8c84fa94-04c1-424b-9868-57a2d4851a1d" relativeResultsDirectory="6fdb4c3e-238f-4dfe-829f-18383099203e" />
    <UnitTestResult executionId="3e6b1801-6a5c-41d9-a655-f7e7bd49c9b5" testId="f4ec2ff6-beb9-d550-0ff1-a638a8b24e47" testName="InitialState_IsOff_ZeroRpm" computerName="vm" duration="00:00:00.0002590" startTime="2026-09-24T12:43:04.1546921+00:00" endTime="2026-09-24T12:43:04.1549510+00:00" testType="13cdc9d9-ddb5-4fa4-a97d-d965ccfc6d4b" outcome="Passed" testListId="8c84fa94-04c1-424b-9868-57a2d4851a1d" relativeResultsDirectory="3e6b1801-6a5c-41d9-a655-f7e7bd49c9b5" />
    <UnitTestResult executionId="78ff8547-7a33-4624-bdd5-093efe9e2d02" testId="bc2ce240-c912-3456-8c94-50955f2b1cc8" testName="EngineBrakingReversesTorqueSign" computerName="vm" duration="00:00:00.0140020" startTime="2026-09-24T12:43:04.1107271+00:00" endTime="2026-09-24T12:43:04.1246103+00:00" testType="13cdc9d9-ddb5-4fa4-a97d-d965ccfc6d4b" outcome="Passed" testListId="8c84fa94-04c1-424b-9868-57a2d4851a1d" relativeResultsDirectory="78ff8547-7a33-4624-bdd5-093efe9e2d02" />
    <UnitTestResult executionId="045c70f4-c264-4704-a26a-8e6a395b03f1" testId="616004e1-86a3-7209-4235-acb09f56c6f8" testName="ReverseGearDrivesBackwardsWithReverseLight" computerName="vm" duration="00:00:00.0071400" startTime="2026-09-24T12:43:04.3615490+00:00" endTime="2026-09-24T12:43:04.3686882+00:00" testType="13cdc9d9-ddb5-4fa4-a97d-d965ccfc6d4b" outcome="Passed" testListId="8c84fa94-04c1-424b-9868-57a2d4851a1d" relativeResultsDirectory="045c70f4-c264-4704-a26a-8e6a395b03f1" />
    <UnitTestResult executionId="021a0af2-aca3-4343-b103-3efe88e6ac5b" testId="843a20c8-beef-5ddd-6da9-73758bd3e34b" testName="HandbrakeHoldsOnTwelvePercentGrade" computerName="vm" duration="00:00:00.0080620" startTime="2026-09-24T12:43:04.3522879+00:00" endTime="2026-09-24T12:43:04.3603489+00:00" testType="13cdc9d9-ddb5-4fa4-a97d-d965ccfc6d4b" outcome="Passed" testListId="8c84fa94-04c1-424b-9868-57a2d4851a1d" relativeResultsDirectory="021a0af2-aca3-4343-b103-3efe88e6ac5b" />
    <UnitTestResult executionId="480615fb-7a9d-4354-9bd6-9af309b8ad19" testId="fd20f004-c989-fa0a-6ae5-67212831098e" testName="PenaltyScore_AccumulatesAcrossMultipleViolations" computerName="vm" duration="00:00:00.0046970" startTime="2026-09-24T12:43:04.1829580+00:00" endTime="2026-09-24T12:43:04.1876547+00:00" testType="13cdc9d9-ddb5-4fa4-a97d-d965ccfc6d4b" outcome="Passed" testListId="8c84fa94-04c1-424b-9868-57a2d4851a1d" relativeResultsDirectory="480615fb-7a9d-4354-9bd6-9af309b8ad19" />
    <UnitTestResult executionId="8968f3df-6974-4875-a9f6-2b9d3eb19cc3" testId="bcc4fba0-67ce-5cb4-d757-694bff9231e4" testName="ReverseEntryLatchClearsOnExit" computerName="vm" duration="00:00:00.0002310" startTime="2026-09-24T12:43:04.2079915+00:00" endTime="2026-09-24T12:43:04.2082222+00:00" testType="13cdc9d9-ddb5-4fa4-a97d-d965ccfc6d4b" outcome="Passed" testListId="8c84fa94-04c1-424b-9868-57a2d4851a1d" relativeResultsDirectory="8968f3df-6974-4875-a9f6-2b9d3eb19cc3" />
    <UnitTestResult executionId="da1d32c0-1137-444a-a9b3-62a9df694858" testId="e5728d96-6c45-3559-ed12-401b1c9739a1" testName="FaultThresholdAndTerminalStateAreStable" computerName="vm" duration="00:00:00.0005560" startTime="2026-09-24T12:43:04.2048904+00:00" endTime="2026-09-24T12:43:04.2054464+00:00" testType="13cdc9d9-ddb5-4fa4-a97d-d965ccfc6d4b" outcome="Passed" testListId="8c84fa94-04c1-424b-9868-57a2d4851a1d" relativeResultsDirectory="da1d32c0-1137-444a-a9b3-62a9df694858" />
    <UnitTestResult executionId="e128e257-bfc4-43e1-953c-feb24e3703f9" testId="dd34f787-e359-5eab-b1a1-59a21475cd05" testName="SmoothClutchReleasePullsAwayWithoutStalling" computerName="vm" duration="00:00:00.0075230" startTime="2026-09-24T12:43:04.3687287+00:00" endTime="2026-09-24T12:43:04.3762515+00:00" testType="13cdc9d9-ddb5-4fa4-a97d-d965ccfc6d4b" outcome="Passed" testListId="8c84fa94-04c1-424b-9868-57a2d4851a1d" relativeResultsDirectory="e128e257-bfc4-43e1-953c-feb24e3703f9" />
    <UnitTestResult executionId="852e2280-0826-45d0-9db1-b4a0f413a624" testId="ea3fe438-04dd-b7c0-bc7a-6620a4749d8b" testName="ThirdGearStartFromRestStalls" computerName="vm" duration="00:00:00.0078010" startTime="2026-09-24T12:43:04.3910940+00:00" endTime="2026-09-24T12:43:04.3988950+00:00" testType="13cdc9d9-ddb5-4fa4-a97d-d965ccfc6d4b" outcome="Passed" testListId="8c84fa94-04c1-424b-9868-57a2d4851a1d" relativeResultsDirectory="852e2280-0826-45d0-9db1-b4a0f413a624" />
    <UnitTestResult executionId="f6d4685a-b989-4efb-9dab-19df57685bde" testId="a37d24c6-a40f-0c76-6045-4d82d0dd0573" testName="HillRollbackUsesAuthoredHeading(180)" computerName="vm" duration="00:00:00.0000240" startTime="2026-09-24T12:43:04.2065476+00:00" endTime="2026-09-24T12:43:04.2065720+00:00" testType="13cdc9d9-ddb5-4fa4-a97d-d965ccfc6d4b" outcome="Passed" testListId="8c84fa94-04c1-424b-9868-57a2d4851a1d" relativeResultsDirectory="f6d4685a-b989-4efb-9dab-19df57685bde" />
    <UnitTestResult executionId="f0bfbb49-fdd0-427c-964d-78e93f1c11f0" testId="56ec7869-57b2-d581-4338-170879f5b326" testName="HalfPedalGivesHalfCapacityInSlipDirection" computerName="vm" duration="00:00:00.0003520" startTime="2026-09-24T12:43:04.1281294+00:00" endTime="2026-09-24T12:43:04.1284813+00:00" testType="13cdc9d9-ddb5-4fa4-a97d-d965ccfc6d4b" outcome="Passed" testListId="8c84fa94-04c1-424b-9868-57a2d4851a1d" relativeResultsDirectory="f0bfbb49-fdd0-427c-964d-78e93f1c11f0" />
    <UnitTestResult executionId="0e4a19b2-491a-4ad1-aad7-5c6c3a31778e" testId="9487e258-3152-7e28-c14a-11ac7d582b53" testName="IntervalWaitsBeforeSweeping" computerName="vm" duration="00:00:00.0002420" startTime="2026-09-24T12:43:04.4832936+00:00" endTime="2026-09-24T12:43:04.4835352+00:00" testType="13cdc9d9-ddb5-4fa4-a97d-d965ccfc6d4b" outcome="Passed" testListId="8c84fa94-04c1-424b-9868-57a2d4851a1d" relativeResultsDirectory="0e4a19b2-491a-4ad1-aad7-5c6c3a31778e" />
    <UnitTestResult executionId="9ba4f45f-7189-4dcb-8fc2-703ec5f5a1cf" testId="76fc2031-13af-3be7-2e0a-e9b8cabfa375" testName="HillRollbackFailsAfterEntry" computerName="vm" duration="00:00:00.0002390" startTime="2026-09-24T12:43:04.2056233+00:00" endTime="2026-09-24T12:43:04.2058621+00:00" testType="13cdc9d9-ddb5-4fa4-a97d-d965ccfc6d4b" outcome="Passed" testListId="8c84fa94-04c1-424b-9868-57a2d4851a1d" relativeResultsDirectory="9ba4f45f-7189-4dcb-8fc2-703ec5f5a1cf" />
    <UnitTestResult executionId="1337b9c7-1207-430a-b4f1-50ee95b6dd4f" testId="07d76b06-33c8-6492-41de-6bcae824eea0" testName="ExamIncludesTransfersAndFinalFinish" computerName="vm" duration="00:00:00.0040560" startTime="2026-09-24T12:43:04.2008173+00:00" endTime="2026-09-24T12:43:04.2048731+00:00" testType="13cdc9d9-ddb5-4fa4-a97d-d965ccfc6d4b" outcome="Passed" testListId="8c84fa94-04c1-424b-9868-57a2d4851a1d" relativeResultsDirectory="1337b9c7-1207-430a-b4f1-50ee95b6dd4f" />
    <UnitTestResult executionId="c98094b3-2491-478e-9aad-ccbfa7987c1a" testId="d8f8cd6c-85c8-36f3-7514-748ebc5111b3" testName="LowModeSweepsAndParksWhenSwitchedOff" computerName="vm" duration="00:00:00.0002720" startTime="2026-09-24T12:43:04.4835472+00:00" endTime="2026-09-24T12:43:04.4838191+00:00" testType="13cdc9d9-ddb5-4fa4-a97d-d965ccfc6d4b" outcome="Passed" testListId="8c84fa94-04c1-424b-9868-57a2d4851a1d" relativeResultsDirectory="c98094b3-2491-478e-9aad-ccbfa7987c1a" />
    <UnitTestResult executionId="2ad235e3-08b8-46dd-9d04-cfe1c04ddf10" testId="4c8aea8e-ffd6-143e-2374-d2777fb4dc8d" testName="InvalidGearThrows" computerName="vm" duration="00:00:00.0011400" startTime="2026-09-24T12:43:04.1647738+00:00" endTime="2026-09-24T12:43:04.1659136+00:00" testType="13cdc9d9-ddb5-4fa4-a97d-d965ccfc6d4b" outcome="Passed" testListId="8c84fa94-04c1-424b-9868-57a2d4851a1d" relativeResultsDirectory="2ad235e3-08b8-46dd-9d04-cfe1c04ddf10" />
    <UnitTestResult executionId="0a040a07-3973-4206-9bab-2a1f933bcf57" testId="6e1fc439-373b-abe1-62d4-2d64f4692a34" testName="SuccessfulStart_EntersRunning_AndMaintainsIdleRpm" computerName="vm" duration="00:00:00.0014090" startTime="2026-09-24T12:43:04.1577252+00:00" endTime="2026-09-24T12:43:04.1591344+00:00" testType="13cdc9d9-ddb5-4fa4-a97d-d965ccfc6d4b" outcome="Passed" testListId="8c84fa94-04c1-424b-9868-57a2d4851a1d" relativeResultsDirectory="0a040a07-3973-4206-9bab-2a1f933bcf57" />
    <UnitTestResult executionId="2011e508-84cb-4b55-bcb0-c532ca8b433f" testId="c1e1b2d8-e1b1-8f2f-b2a8-229f293c469c" testName="HillRollbackUsesAuthoredHeading(0)" computerName="vm" duration="00:00:00.0003530" startTime="2026-09-24T12:43:04.2059823+00:00" endTime="2026-09-24T12:43:04.2063353+00:00" testType="13cdc9d9-ddb5-4fa4-a97d-d965ccfc6d4b" outcome="Passed" testListId="8c84fa94-04c1-424b-9868-57a2d4851a1d" relativeResultsDirectory="2011e508-84cb-4b55-bcb0-c532ca8b433f" />
    <UnitTestResult executionId="ca6ecf28-7b80-442a-b9df-e393693069bf" testId="a70cc68f-2a64-4840-a180-4d0933ed0e6a" testName="TurningOffIgnition_StopsEngine" computerName="vm" duration="00:00:00.0004090" startTime="2026-09-24T12:43:04.1591536+00:00" endTime="2026-09-24T12:43:04.1595624+00:00" testType="13cdc9d9-ddb5-4fa4-a97d-d965ccfc6d4b" outcome="Passed" testListId="8c84fa94-04c1-424b-9868-57a2d4851a1d" relativeResultsDirectory="ca6ecf28-7b80-442a-b9df-e393693069bf" />
    <UnitTestResult executionId="19e7c852-8f2f-4b9f-92f7-2910b3c9fb03" testId="9102de04-eab8-e507-a2f3-9dcc0b24048b" testName="AutomaticCreepsInDriveAndHoldsInPark" computerName="vm" duration="00:00:00.0120760" startTime="2026-09-24T12:43:04.2492963+00:00" endTime="2026-09-24T12:43:04.2613720+00:00" testType="13cdc9d9-ddb5-4fa4-a97d-d965ccfc6d4b" outcome="Passed" testListId="8c84fa94-04c1-424b-9868-57a2d4851a1d" relativeResultsDirectory="19e7c852-8f2f-4b9f-92f7-2910b3c9fb03" />
    <UnitTestResult executionId="a461b224-38da-4770-96f6-2a1629e815ed" testId="6d58e06a-9955-ecc2-432c-6ef102b85b41" testName="HillRollbackUsesAuthoredHeading(90)" computerName="vm" duration="00:00:00.0001890" startTime="2026-09-24T12:43:04.2063476+00:00" endTime="2026-09-24T12:43:04.2065366+00:00" testType="13cdc9d9-ddb5-4fa4-a97d-d965ccfc6d4b" outcome="Passed" testListId="8c84fa94-04c1-424b-9868-57a2d4851a1d" relativeResultsDirectory="a461b224-38da-4770-96f6-2a1629e815ed" />
    <UnitTestResult executionId="46f84912-7d39-4ce6-8c58-de53cc037892" testId="4df092f0-a41a-83ff-8194-529d807e4904" testName="RainWetsGlassFasterWhenDriving" computerName="vm" duration="00:00:00.0002850" startTime="2026-09-24T12:43:04.4823858+00:00" endTime="2026-09-24T12:43:04.4826709+00:00" testType="13cdc9d9-ddb5-4fa4-a97d-d965ccfc6d4b" outcome="Passed" testListId="8c84fa94-04c1-424b-9868-57a2d4851a1d" relativeResultsDirectory="46f84912-7d39-4ce6-8c58-de53cc037892" />
    <UnitTestResult executionId="52cd7ee6-fcd4-44dd-9c6c-53ffa3a03731" testId="c3d76e0b-f385-d17a-5426-9d22e21b276d" testName="StarterIsInhibitedInGearWithClutchReleased" computerName="vm" duration="00:00:00.0018280" startTime="2026-09-24T12:43:04.3762996+00:00" endTime="2026-09-24T12:43:04.3781273+00:00" testType="13cdc9d9-ddb5-4fa4-a97d-d965ccfc6d4b" outcome="Passed" testListId="8c84fa94-04c1-424b-9868-57a2d4851a1d" relativeResultsDirectory="52cd7ee6-fcd4-44dd-9c6c-53ffa3a03731" />
    <UnitTestResult executionId="81512605-963f-41ff-8ff4-bc3c8ea226f4" testId="2bdfdb18-af39-b91f-9364-f5824fab5d1e" testName="DryingReducesWater" computerName="vm" duration="00:00:00.0011500" startTime="2026-09-24T12:43:04.4792482+00:00" endTime="2026-09-24T12:43:04.4803979+00:00" testType="13cdc9d9-ddb5-4fa4-a97d-d965ccfc6d4b" outcome="Passed" testListId="8c84fa94-04c1-424b-9868-57a2d4851a1d" relativeResultsDirectory="81512605-963f-41ff-8ff4-bc3c8ea226f4" />
    <UnitTestResult executionId="4fcc38a5-0847-417a-b9b8-71416d339924" testId="761c76f0-793e-c2c1-00ad-c03c538db9a2" testName="TurnSignal_OmissionTriggersPenalty" computerName="vm" duration="00:00:00.0004290" startTime="2026-09-24T12:43:04.1921044+00:00" endTime="2026-09-24T12:43:04.1925331+00:00" testType="13cdc9d9-ddb5-4fa4-a97d-d965ccfc6d4b" outcome="Passed" testListId="8c84fa94-04c1-424b-9868-57a2d4851a1d" relativeResultsDirectory="4fcc38a5-0847-417a-b9b8-71416d339924" />
    <UnitTestResult executionId="1cbe42f8-15b3-4480-9b4f-8e8da303520f" testId="7500c22d-99e9-666b-70f2-44a7a7ecd67a" testName="MustFitEntireVehicleInParkingBay" computerName="vm" duration="00:00:00.0002760" startTime="2026-09-24T12:43:04.2076954+00:00" endTime="2026-09-24T12:43:04.2079711+00:00" testType="13cdc9d9-ddb5-4fa4-a97d-d965ccfc6d4b" outcome="Passed" testListId="8c84fa94-04c1-424b-9868-57a2d4851a1d" relativeResultsDirectory="1cbe42f8-15b3-4480-9b4f-8e8da303520f" />
    <UnitTestResult executionId="a91dc0c4-4dc4-4043-9ca8-ced8b3a260b2" testId="9108a34c-3940-0d09-5784-ee8778828957" testName="TurnSignal_ProperIndicatorUsage_PassesCleanly" computerName="vm" duration="00:00:00.0002820" startTime="2026-09-24T12:43:04.1925502+00:00" endTime="2026-09-24T12:43:04.1928318+00:00" testType="13cdc9d9-ddb5-4fa4-a97d-d965ccfc6d4b" outcome="Passed" testListId="8c84fa94-04c1-424b-9868-57a2d4851a1d" relativeResultsDirectory="a91dc0c4-4dc4-4043-9ca8-ced8b3a260b2" />
    <UnitTestResult executionId="bfabbc1e-b58a-41b4-b771-81618c6c8a27" testId="8411146d-848c-3dd3-b348-055106eb0a8f" testName="SelfCancelsAfterTurnCompleted" computerName="vm" duration="00:00:00.0002130" startTime="2026-09-24T12:43:04.2106366+00:00" endTime="2026-09-24T12:43:04.2108491+00:00" testType="13cdc9d9-ddb5-4fa4-a97d-d965ccfc6d4b" outcome="Passed" testListId="8c84fa94-04c1-424b-9868-57a2d4851a1d" relativeResultsDirectory="bfabbc1e-b58a-41b4-b771-81618c6c8a27" />
    <UnitTestResult executionId="4679f057-3df7-4fd1-b4ba-048d70249e13" testId="a53b2610-b86c-2fe3-1c7c-5fafb17b1c2e" testName="StopLine_PassingWithoutStopping_TriggersViolation" computerName="vm" duration="00:00:00.0004740" startTime="2026-09-24T12:43:04.1911990+00:00" endTime="2026-09-24T12:43:04.1916724+00:00" testType="13cdc9d9-ddb5-4fa4-a97d-d965ccfc6d4b" outcome="Passed" testListId="8c84fa94-04c1-424b-9868-57a2d4851a1d" relativeResultsDirectory="4679f057-3df7-4fd1-b4ba-048d70249e13" />
    <UnitTestResult executionId="3924d5d4-ea2a-4486-8373-a340e4989702" testId="c7245a06-676e-6cbf-5906-ad50a3964b66" testName="ForceNeverExceedsFrictionCircle" computerName="vm" duration="00:00:00.0036410" startTime="2026-09-24T12:43:04.1964737+00:00" endTime="2026-09-24T12:43:04.2001146+00:00" testType="13cdc9d9-ddb5-4fa4-a97d-d965ccfc6d4b" outcome="Passed" testListId="8c84fa94-04c1-424b-9868-57a2d4851a1d" relativeResultsDirectory="3924d5d4-ea2a-4486-8373-a340e4989702" />
    <UnitTestResult executionId="3525729c-2649-4b09-a948-647ad6ac1061" testId="93720f40-4e60-9628-a775-9d6ff5aabbe9" testName="ClutchDumpAtIdleStalls" computerName="vm" duration="00:00:00.0051670" startTime="2026-09-24T12:43:04.3245384+00:00" endTime="2026-09-24T12:43:04.3297046+00:00" testType="13cdc9d9-ddb5-4fa4-a97d-d965ccfc6d4b" outcome="Passed" testListId="8c84fa94-04c1-424b-9868-57a2d4851a1d" relativeResultsDirectory="3525729c-2649-4b09-a948-647ad6ac1061" />
    <UnitTestResult executionId="3a2636b2-b8f2-4360-8405-ae3b0fa924f7" testId="45d2f48a-6fd6-00fe-95f8-d5707b186301" testName="ToggleSameDirectionSwitchesOff" computerName="vm" duration="00:00:00.0001120" startTime="2026-09-24T12:43:04.2108792+00:00" endTime="2026-09-24T12:43:04.2109909+00:00" testType="13cdc9d9-ddb5-4fa4-a97d-d965ccfc6d4b" outcome="Passed" testListId="8c84fa94-04c1-424b-9868-57a2d4851a1d" relativeResultsDirectory="3a2636b2-b8f2-4360-8405-ae3b0fa924f7" />
    <UnitTestResult executionId="435ae573-2129-49d8-b8ed-b14068c5daf8" testId="fa1ac2f9-1a88-4650-48d1-e08e21fa1788" testName="StopLine_DynamicDt_IsTickRateIndependent" computerName="vm" duration="00:00:00.0005570" startTime="2026-09-24T12:43:04.1906241+00:00" endTime="2026-09-24T12:43:04.1911810+00:00" testType="13cdc9d9-ddb5-4fa4-a97d-d965ccfc6d4b" outcome="Passed" testListId="8c84fa94-04c1-424b-9868-57a2d4851a1d" relativeResultsDirectory="435ae573-2129-49d8-b8ed-b14068c5daf8" />
    <UnitTestResult executionId="0ad8ca98-2c5c-4e23-8882-e3f1cf868885" testId="2b736ade-b72f-04cf-4f68-5b8af57393d7" testName="ExerciseBoundary_SpatialHysteresis_SuppressesJitterCascade" computerName="vm" duration="00:00:00.0003810" startTime="2026-09-24T12:43:04.1825483+00:00" endTime="2026-09-24T12:43:04.1829295+00:00" testType="13cdc9d9-ddb5-4fa4-a97d-d965ccfc6d4b" outcome="Passed" testListId="8c84fa94-04c1-424b-9868-57a2d4851a1d" relativeResultsDirectory="0ad8ca98-2c5c-4e23-8882-e3f1cf868885" />
    <UnitTestResult executionId="aa9b7afd-dcc1-4af0-9b8c-2bb751abf645" testId="9ce3fb48-89bb-e620-f916-4944c62846cf" testName="SingleLessonDoesNotRequireTransfer" computerName="vm" duration="00:00:00.0002620" startTime="2026-09-24T12:43:04.2088994+00:00" endTime="2026-09-24T12:43:04.2091612+00:00" testType="13cdc9d9-ddb5-4fa4-a97d-d965ccfc6d4b" outcome="Passed" testListId="8c84fa94-04c1-424b-9868-57a2d4851a1d" relativeResultsDirectory="aa9b7afd-dcc1-4af0-9b8c-2bb751abf645" />
    <UnitTestResult executionId="eb178561-bbb1-44bd-92ed-c973d465aa54" testId="15d67527-4e8c-07b8-2f98-6d67a3796a5c" testName="BrakeAndReverseLights" computerName="vm" duration="00:00:00.0002870" startTime="2026-09-24T12:43:04.4695498+00:00" endTime="2026-09-24T12:43:04.4698368+00:00" testType="13cdc9d9-ddb5-4fa4-a97d-d965ccfc6d4b" outcome="Passed" testListId="8c84fa94-04c1-424b-9868-57a2d4851a1d" relativeResultsDirectory="eb178561-bbb1-44bd-92ed-c973d465aa54" />
    <UnitTestResult executionId="17056c01-6696-4592-8615-f09af4cd7f9d" testId="7064bdab-389c-60e0-9318-79434a45c344" testName="FirstGearTorque" computerName="vm" duration="00:00:00.0007910" startTime="2026-09-24T12:43:04.1639633+00:00" endTime="2026-09-24T12:43:04.1647536+00:00" testType="13cdc9d9-ddb5-4fa4-a97d-d965ccfc6d4b" outcome="Passed" testListId="8c84fa94-04c1-424b-9868-57a2d4851a1d" relativeResultsDirectory="17056c01-6696-4592-8615-f09af4cd7f9d" />
    <UnitTestResult executionId="e62eb38b-bab2-4809-a6d5-81516c0f6d58" testId="be9db9b8-73e7-b7cc-20fd-aecabb01fd1c" testName="IndicatorFlashesAtOnePointFiveHertz" computerName="vm" duration="00:00:00.0085440" startTime="2026-09-24T12:43:04.4702276+00:00" endTime="2026-09-24T12:43:04.4787715+00:00" testType="13cdc9d9-ddb5-4fa4-a97d-d965ccfc6d4b" outcome="Passed" testListId="8c84fa94-04c1-424b-9868-57a2d4851a1d" relativeResultsDirectory="e62eb38b-bab2-4809-a6d5-81516c0f6d58" />
    <UnitTestResult executionId="1bf9f242-ff6e-4e5e-9f77-721aa172e7d8" testId="9c445514-fbc6-b900-e36d-a1ae3f900b67" testName="WetRoadBrakingIsLongerThanDry" computerName="vm" duration="00:00:00.0657689" startTime="2026-09-24T12:43:04.3989590+00:00" endTime="2026-09-24T12:43:04.4647274+00:00" testType="13cdc9d9-ddb5-4fa4-a97d-d965ccfc6d4b" outcome="Passed" testListId="8c84fa94-04c1-424b-9868-57a2d4851a1d" relativeResultsDirectory="1bf9f242-ff6e-4e5e-9f77-721aa172e7d8" />
    <UnitTestResult executionId="317e5ede-340b-4bcc-8c67-2c6876301eae" testId="ad4cec4e-d3cd-040a-0e62-1fc2a61ef812" testName="IndicatorsNeedIgnitionButHazardDoesNot" computerName="vm" duration="00:00:00.0002140" startTime="2026-09-24T12:43:04.4787962+00:00" endTime="2026-09-24T12:43:04.4790095+00:00" testType="13cdc9d9-ddb5-4fa4-a97d-d965ccfc6d4b" outcome="Passed" testListId="8c84fa94-04c1-424b-9868-57a2d4851a1d" relativeResultsDirectory="317e5ede-340b-4bcc-8c67-2c6876301eae" />
    <UnitTestResult executionId="6056105d-c5a9-4497-b5b4-c54ac7574b1e" testId="fc3397df-28fc-50f7-13be-ccd154747fcd" testName="GearChangeWithoutClutchIsRefused" computerName="vm" duration="00:00:00.0077650" startTime="2026-09-24T12:43:04.3444719+00:00" endTime="2026-09-24T12:43:04.3522361+00:00" testType="13cdc9d9-ddb5-4fa4-a97d-d965ccfc6d4b" outcome="Passed" testListId="8c84fa94-04c1-424b-9868-57a2d4851a1d" relativeResultsDirectory="6056105d-c5a9-4497-b5b4-c54ac7574b1e" />
    <UnitTestResult executionId="bbc9f071-e47d-442f-8149-d69e5eefdd9f" testId="c1890c78-803d-fde4-59e4-16c4cf7296dd" testName="SpeedLimit_DebounceWindow_RequiresSustainedExcess" computerName="vm" duration="00:00:00.0007280" startTime="2026-09-24T12:43:04.1887784+00:00" endTime="2026-09-24T12:43:04.1895061+00:00" testType="13cdc9d9-ddb5-4fa4-a97d-d965ccfc6d4b" outcome="Passed" testListId="8c84fa94-04c1-424b-9868-57a2d4851a1d" relativeResultsDirectory="bbc9f071-e47d-442f-8149-d69e5eefdd9f" />
    <UnitTestResult executionId="72587bec-5a63-43e4-9015-b5f044ac8e08" testId="4a5e3055-1553-22be-8fb4-eb54814ef448" testName="FullWipeClearsSweptSectorOnly" computerName="vm" duration="00:00:00.0019040" startTime="2026-09-24T12:43:04.4804430+00:00" endTime="2026-09-24T12:43:04.4823466+00:00" testType="13cdc9d9-ddb5-4fa4-a97d-d965ccfc6d4b" outcome="Passed" testListId="8c84fa94-04c1-424b-9868-57a2d4851a1d" relativeResultsDirectory="72587bec-5a63-43e4-9015-b5f044ac8e08" />
    <UnitTestResult executionId="e1ae62f1-c81a-49f9-8805-e2bfdffdf880" testId="3157ceef-b623-f744-625c-e751249562c1" testName="WithoutHandbrakeCarRollsBackOnGrade" computerName="vm" duration="00:00:00.0044810" startTime="2026-09-24T12:43:04.4647954+00:00" endTime="2026-09-24T12:43:04.4692759+00:00" testType="13cdc9d9-ddb5-4fa4-a97d-d965ccfc6d4b" outcome="Passed" testListId="8c84fa94-04c1-424b-9868-57a2d4851a1d" relativeResultsDirectory="e1ae62f1-c81a-49f9-8805-e2bfdffdf880" />
    <UnitTestResult executionId="d7c66c2b-51b9-40c2-94a7-f9f9026da0ff" testId="a35d1df2-b19b-fdec-5af6-9f73aeb526ad" testName="HighIsFasterThanLow" computerName="vm" duration="00:00:00.0004160" startTime="2026-09-24T12:43:04.4828379+00:00" endTime="2026-09-24T12:43:04.4832537+00:00" testType="13cdc9d9-ddb5-4fa4-a97d-d965ccfc6d4b" outcome="Passed" testListId="8c84fa94-04c1-424b-9868-57a2d4851a1d" relativeResultsDirectory="d7c66c2b-51b9-40c2-94a7-f9f9026da0ff" />
    <UnitTestResult executionId="a7aea124-b362-4727-abbb-4baf83f61589" testId="8e575184-bae9-1224-04c3-d4d48c9cf7b1" testName="StopLine_StoppingCorrectly_PassesWithoutViolation" computerName="vm" duration="00:00:00.0003970" startTime="2026-09-24T12:43:04.1916893+00:00" endTime="2026-09-24T12:43:04.1920863+00:00" testType="13cdc9d9-ddb5-4fa4-a97d-d965ccfc6d4b" outcome="Passed" testListId="8c84fa94-04c1-424b-9868-57a2d4851a1d" relativeResultsDirectory="a7aea124-b362-4727-abbb-4baf83f61589" />
    <UnitTestResult executionId="0bc648b8-f656-46e5-9540-6d7c03a46bed" testId="6e54bebc-ec59-897c-2fff-a09af1500d76" testName="AutomaticStopsWithBrakeInDriveWithoutStalling" computerName="vm" duration="00:00:00.0200290" startTime="2026-09-24T12:43:04.2614182+00:00" endTime="2026-09-24T12:43:04.2814466+00:00" testType="13cdc9d9-ddb5-4fa4-a97d-d965ccfc6d4b" outcome="Passed" testListId="8c84fa94-04c1-424b-9868-57a2d4851a1d" relativeResultsDirectory="0bc648b8-f656-46e5-9540-6d7c03a46bed" />
    <UnitTestResult executionId="90cd3785-9120-4baf-a9a9-25a817f60ba7" testId="33fc64ed-4a8a-7041-5115-ca9d434e5bfb" testName="IgnitionOnly_TransitionsToIgnitionPhase_ZeroRpm" computerName="vm" duration="00:00:00.0002999" startTime="2026-09-24T12:43:04.1543231+00:00" endTime="2026-09-24T12:43:04.1546231+00:00" testType="13cdc9d9-ddb5-4fa4-a97d-d965ccfc6d4b" outcome="Passed" testListId="8c84fa94-04c1-424b-9868-57a2d4851a1d" relativeResultsDirectory="90cd3785-9120-4baf-a9a9-25a817f60ba7" />
    <UnitTestResult executionId="c615d5a7-351d-4e03-8302-3b72f40dd38e" testId="8493227b-b60b-4ec1-5cc0-2dec947440cb" testName="PedalIsClampedAndNanRejected" computerName="vm" duration="00:00:00.0076070" startTime="2026-09-24T12:43:04.1284949+00:00" endTime="2026-09-24T12:43:04.1361012+00:00" testType="13cdc9d9-ddb5-4fa4-a97d-d965ccfc6d4b" outcome="Passed" testListId="8c84fa94-04c1-424b-9868-57a2d4851a1d" relativeResultsDirectory="c615d5a7-351d-4e03-8302-3b72f40dd38e" />
    <UnitTestResult executionId="1b4ee664-9182-43ed-912a-8a8840d7e9cb" testId="cbc1df28-fbbf-7d94-f006-2f360015cdef" testName="InvalidInputs_ThrowArgumentOutOfRangeException" computerName="vm" duration="00:00:00.0019370" startTime="2026-09-24T12:43:04.1549984+00:00" endTime="2026-09-24T12:43:04.1569350+00:00" testType="13cdc9d9-ddb5-4fa4-a97d-d965ccfc6d4b" outcome="Passed" testListId="8c84fa94-04c1-424b-9868-57a2d4851a1d" relativeResultsDirectory="1b4ee664-9182-43ed-912a-8a8840d7e9cb" />
    <UnitTestResult executionId="db612d1e-cf44-4d31-9650-29c5467a2e21" testId="2df2a802-bd0b-5a8a-3b30-b1693f70babf" testName="AutomaticUpshiftsUnderAcceleration" computerName="vm" duration="00:00:00.0298170" startTime="2026-09-24T12:43:04.2815103+00:00" endTime="2026-09-24T12:43:04.3113269+00:00" testType="13cdc9d9-ddb5-4fa4-a97d-d965ccfc6d4b" outcome="Passed" testListId="8c84fa94-04c1-424b-9868-57a2d4851a1d" relativeResultsDirectory="db612d1e-cf44-4d31-9650-29c5467a2e21" />
    <UnitTestResult executionId="6c673a67-79cb-4f4c-87f2-eafab806a822" testId="491e06c8-126e-2572-f22a-cba78ddcc28b" testName="NegativeLoadGivesNoForceAndNanThrows" computerName="vm" duration="00:00:00.0009570" startTime="2026-09-24T12:43:04.1942703+00:00" endTime="2026-09-24T12:43:04.1952273+00:00" testType="13cdc9d9-ddb5-4fa4-a97d-d965ccfc6d4b" outcome="Passed" testListId="8c84fa94-04c1-424b-9868-57a2d4851a1d" relativeResultsDirectory="6c673a67-79cb-4f4c-87f2-eafab806a822" />
    <UnitTestResult executionId="f7906e3a-3f86-4da3-ad62-3278d93ae54d" testId="17d524d8-a992-2541-e0d8-9d0f0c5c0c4b" testName="SpeedLimit_BelowThreshold_DoesNotTrigger" computerName="vm" duration="00:00:00.0002750" startTime="2026-09-24T12:43:04.1884865+00:00" endTime="2026-09-24T12:43:04.1887613+00:00" testType="13cdc9d9-ddb5-4fa4-a97d-d965ccfc6d4b" outcome="Passed" testListId="8c84fa94-04c1-424b-9868-57a2d4851a1d" relativeResultsDirectory="f7906e3a-3f86-4da3-ad62-3278d93ae54d" />
    <UnitTestResult executionId="821b5827-3420-4bad-a8f3-2dd72e7bc871" testId="583b6d91-df16-783b-6e72-fbc893cdde47" testName="ExerciseBoundary_CrossingBoundary_TriggersFatalInfraction" computerName="vm" duration="00:00:00.0133230" startTime="2026-09-24T12:43:04.1688049+00:00" endTime="2026-09-24T12:43:04.1821267+00:00" testType="13cdc9d9-ddb5-4fa4-a97d-d965ccfc6d4b" outcome="Passed" testListId="8c84fa94-04c1-424b-9868-57a2d4851a1d" relativeResultsDirectory="821b5827-3420-4bad-a8f3-2dd72e7bc871" />
    <UnitTestResult executionId="3942aef9-16d0-4e68-93f4-6c060c4ee79c" testId="416f0c45-ecbf-d229-0e9d-475a94883b0c" testName="HoldMustBeContinuousAndAligned" computerName="vm" duration="00:00:00.0003320" startTime="2026-09-24T12:43:04.2066199+00:00" endTime="2026-09-24T12:43:04.2069515+00:00" testType="13cdc9d9-ddb5-4fa4-a97d-d965ccfc6d4b" outcome="Passed" testListId="8c84fa94-04c1-424b-9868-57a2d4851a1d" relativeResultsDirectory="3942aef9-16d0-4e68-93f4-6c060c4ee79c" />
    <UnitTestResult executionId="9700eae3-beeb-4682-9ccc-26a46e481eff" testId="8c3f3d59-094b-36f9-23f5-6095fb0d8f7a" testName="EngineStartsAndIdles" computerName="vm" duration="00:00:00.0032230" startTime="2026-09-24T12:43:04.3411905+00:00" endTime="2026-09-24T12:43:04.3444132+00:00" testType="13cdc9d9-ddb5-4fa4-a97d-d965ccfc6d4b" outcome="Passed" testListId="8c84fa94-04c1-424b-9868-57a2d4851a1d" relativeResultsDirectory="9700eae3-beeb-4682-9ccc-26a46e481eff" />
    <UnitTestResult executionId="480b2c55-8222-486b-8930-79d27ccdf786" testId="905a431b-e53d-612c-8fc5-9806bf4948e2" testName="InvalidInputsAreRejected" computerName="vm" duration="00:00:00.0011000" startTime="2026-09-24T12:43:04.3604014+00:00" endTime="2026-09-24T12:43:04.3615013+00:00" testType="13cdc9d9-ddb5-4fa4-a97d-d965ccfc6d4b" outcome="Passed" testListId="8c84fa94-04c1-424b-9868-57a2d4851a1d" relativeResultsDirectory="480b2c55-8222-486b-8930-79d27ccdf786" />
    <UnitTestResult executionId="fe5609ec-d58d-4fb1-9159-16572bc39ff8" testId="1270dcd3-32c9-6607-4a7a-e5af97baf0c7" testName="ManualGearNeedsClutchButNeutralDoesNot" computerName="vm" duration="00:00:00.0005700" startTime="2026-09-24T12:43:04.1659322+00:00" endTime="2026-09-24T12:43:04.1665016+00:00" testType="13cdc9d9-ddb5-4fa4-a97d-d965ccfc6d4b" outcome="Passed" testListId="8c84fa94-04c1-424b-9868-57a2d4851a1d" relativeResultsDirectory="fe5609ec-d58d-4fb1-9159-16572bc39ff8" />
    <UnitTestResult executionId="795b33d7-4687-4d15-a975-9452af2e8174" testId="68e5eb73-6208-c835-32e9-4ad971ccf3d0" testName="FullThrottleInNeutral_ReachesRedline_DoesNotExceedCutoff" computerName="vm" duration="00:00:00.0038300" startTime="2026-09-24T12:43:04.1504268+00:00" endTime="2026-09-24T12:43:04.1542559+00:00" testType="13cdc9d9-ddb5-4fa4-a97d-d965ccfc6d4b" outcome="Passed" testListId="8c84fa94-04c1-424b-9868-57a2d4851a1d" relativeResultsDirectory="795b33d7-4687-4d15-a975-9452af2e8174" />
    <UnitTestResult executionId="80220768-2fe1-4e1f-b301-dff478ae1f50" testId="db344955-8396-1038-de03-8ddd9dce8c4e" testName="AutomaticUpshiftsAndDownshifts" computerName="vm" duration="00:00:00.0040530" startTime="2026-09-24T12:43:04.1598880+00:00" endTime="2026-09-24T12:43:04.1639402+00:00" testType="13cdc9d9-ddb5-4fa4-a97d-d965ccfc6d4b" outcome="Passed" testListId="8c84fa94-04c1-424b-9868-57a2d4851a1d" relativeResultsDirectory="80220768-2fe1-4e1f-b301-dff478ae1f50" />
    <UnitTestResult executionId="98b21c2f-a6fc-423b-9794-fa91184ca186" testId="f8f10d2f-3cd5-71e6-b573-743b0546a93c" testName="SteeringLeftTurnsLeft" computerName="vm" duration="00:00:00.0128419" startTime="2026-09-24T12:43:04.3781689+00:00" endTime="2026-09-24T12:43:04.3910106+00:00" testType="13cdc9d9-ddb5-4fa4-a97d-d965ccfc6d4b" outcome="Passed" testListId="8c84fa94-04c1-424b-9868-57a2d4851a1d" relativeResultsDirectory="98b21c2f-a6fc-423b-9794-fa91184ca186" />
    <UnitTestResult executionId="e2ba6012-38b0-47a1-8551-8c3d0f8f7c97" testId="260b7965-7294-4658-4dae-e893a2fce4f3" testName="LateralForceOpposesSideSlip" computerName="vm" duration="00:00:00.0002460" startTime="2026-09-24T12:43:04.2001329+00:00" endTime="2026-09-24T12:43:04.2003787+00:00" testType="13cdc9d9-ddb5-4fa4-a97d-d965ccfc6d4b" outcome="Passed" testListId="8c84fa94-04c1-424b-9868-57a2d4851a1d" relativeResultsDirectory="e2ba6012-38b0-47a1-8551-8c3d0f8f7c97" />
    <UnitTestResult executionId="214be571-c53a-4ece-9eff-ca188c8320e2" testId="ee83b5d0-befc-12c9-5c60-532161b9388d" testName="BrakingStopsAndHoldsWithBrakeLight" computerName="vm" duration="00:00:00.0130910" startTime="2026-09-24T12:43:04.3113868+00:00" endTime="2026-09-24T12:43:04.3244775+00:00" testType="13cdc9d9-ddb5-4fa4-a97d-d965ccfc6d4b" outcome="Passed" testListId="8c84fa94-04c1-424b-9868-57a2d4851a1d" relativeResultsDirectory="214be571-c53a-4ece-9eff-ca188c8320e2" />
    <UnitTestResult executionId="043b055d-c1be-4383-8292-3b0041672685" testId="f23de1be-ce6b-d54b-c2b6-84f1069bb68c" testName="SpeedLimit_Hysteresis_ResetsAfterSlowingDown" computerName="vm" duration="00:00:00.0004710" startTime="2026-09-24T12:43:04.1901370+00:00" endTime="2026-09-24T12:43:04.1906077+00:00" testType="13cdc9d9-ddb5-4fa4-a97d-d965ccfc6d4b" outcome="Passed" testListId="8c84fa94-04c1-424b-9868-57a2d4851a1d" relativeResultsDirectory="043b055d-c1be-4383-8292-3b0041672685" />
    <UnitTestResult executionId="f20d1b9c-d292-4c28-a6e6-71f5134692e5" testId="4bc53245-d339-e990-de78-f622f38191a4" testName="OppositeSteeringDoesNotCancel" computerName="vm" duration="00:00:00.0011440" startTime="2026-09-24T12:43:04.2094787+00:00" endTime="2026-09-24T12:43:04.2106228+00:00" testType="13cdc9d9-ddb5-4fa4-a97d-d965ccfc6d4b" outcome="Passed" testListId="8c84fa94-04c1-424b-9868-57a2d4851a1d" relativeResultsDirectory="f20d1b9c-d292-4c28-a6e6-71f5134692e5" />
    <UnitTestResult executionId="29b36607-ecd9-46b6-acd5-e75076057d79" testId="3322b6c2-b358-dd34-c642-2256092b3314" testName="SpeedLimit_EdgeTriggered_DoesNotSpamEvents" computerName="vm" duration="00:00:00.0005980" startTime="2026-09-24T12:43:04.1895227+00:00" endTime="2026-09-24T12:43:04.1901205+00:00" testType="13cdc9d9-ddb5-4fa4-a97d-d965ccfc6d4b" outcome="Passed" testListId="8c84fa94-04c1-424b-9868-57a2d4851a1d" relativeResultsDirectory="29b36607-ecd9-46b6-acd5-e75076057d79" />
    <UnitTestResult executionId="d9b6eb3b-28ce-4cef-9c69-ed1b540a0bf3" testId="ff050d24-3eb2-7874-d1ac-d881f52779a0" testName="Reset_ClearsAllInfractionsAndFatalStatus" computerName="vm" duration="00:00:00.0007790" startTime="2026-09-24T12:43:04.1876892+00:00" endTime="2026-09-24T12:43:04.1884683+00:00" testType="13cdc9d9-ddb5-4fa4-a97d-d965ccfc6d4b" outcome="Passed" testListId="8c84fa94-04c1-424b-9868-57a2d4851a1d" relativeResultsDirectory="d9b6eb3b-28ce-4cef-9c69-ed1b540a0bf3" />
    <UnitTestResult executionId="53365859-3e4a-45ad-b912-74e5120123f5" testId="bb56ff93-f6e9-b024-78a5-493be0cee804" testName="BlendIsContinuousAtEnds" computerName="vm" duration="00:00:00.0011370" startTime="2026-09-24T12:43:04.1931147+00:00" endTime="2026-09-24T12:43:04.1942514+00:00" testType="13cdc9d9-ddb5-4fa4-a97d-d965ccfc6d4b" outcome="Passed" testListId="8c84fa94-04c1-424b-9868-57a2d4851a1d" relativeResultsDirectory="53365859-3e4a-45ad-b912-74e5120123f5" />
    <UnitTestResult executionId="26c8d6b9-8837-4f81-bb52-2e255451a8cf" testId="5f719688-940d-0a42-fb0b-368e7a95b071" testName="EqualSpeedsLockUp" computerName="vm" duration="00:00:00.0009780" startTime="2026-09-24T12:43:04.1270132+00:00" endTime="2026-09-24T12:43:04.1279910+00:00" testType="13cdc9d9-ddb5-4fa4-a97d-d965ccfc6d4b" outcome="Passed" testListId="8c84fa94-04c1-424b-9868-57a2d4851a1d" relativeResultsDirectory="26c8d6b9-8837-4f81-bb52-2e255451a8cf" />
    <UnitTestResult executionId="471348bf-6c05-4792-9afe-50cfd0f7f682" testId="a7aeb4cd-791d-2558-ba9c-00b10ed7924a" testName="Starter_TransitionsToCranking_AndSpinsEngine" computerName="vm" duration="00:00:00.0007530" startTime="2026-09-24T12:43:04.1569542+00:00" endTime="2026-09-24T12:43:04.1577075+00:00" testType="13cdc9d9-ddb5-4fa4-a97d-d965ccfc6d4b" outcome="Passed" testListId="8c84fa94-04c1-424b-9868-57a2d4851a1d" relativeResultsDirectory="471348bf-6c05-4792-9afe-50cfd0f7f682" />
    <UnitTestResult executionId="3431dda0-aac2-4536-997a-a2b798f04481" testId="48d4aeeb-c9c9-cfdf-ce70-21869b78175f" testName="StoppingDistanceGrowsOnWorseSurface" computerName="vm" duration="00:00:00.0006910" startTime="2026-09-24T12:43:04.1955757+00:00" endTime="2026-09-24T12:43:04.1962662+00:00" testType="13cdc9d9-ddb5-4fa4-a97d-d965ccfc6d4b" outcome="Passed" testListId="8c84fa94-04c1-424b-9868-57a2d4851a1d" relativeResultsDirectory="3431dda0-aac2-4536-997a-a2b798f04481" />
    <UnitTestResult executionId="273df6ea-fc45-447e-bfbf-69fa27724c40" testId="53d13a09-9b6e-aeda-cdef-9dcacde27c33" testName="ExerciseBoundary_InsideBoundary_DoesNotTrigger" computerName="vm" duration="00:00:00.0003640" startTime="2026-09-24T12:43:04.1821631+00:00" endTime="2026-09-24T12:43:04.1825273+00:00" testType="13cdc9d9-ddb5-4fa4-a97d-d965ccfc6d4b" outcome="Passed" testListId="8c84fa94-04c1-424b-9868-57a2d4851a1d" relativeResultsDirectory="273df6ea-fc45-447e-bfbf-69fa27724c40" />
    <UnitTestResult executionId="5d2932a2-194b-4258-ae61-8681192b5c65" testId="64fcd665-b136-64e3-c0fa-8678896dbada" testName="GatesCannotBeCompletedOutOfOrder" computerName="vm" duration="00:00:00.0001520" startTime="2026-09-24T12:43:04.2054615+00:00" endTime="2026-09-24T12:43:04.2056133+00:00" testType="13cdc9d9-ddb5-4fa4-a97d-d965ccfc6d4b" outcome="Passed" testListId="8c84fa94-04c1-424b-9868-57a2d4851a1d" relativeResultsDirectory="5d2932a2-194b-4258-ae61-8681192b5c65" />
    <UnitTestResult executionId="e370e683-697a-4884-a258-c0098d1edaa6" testId="cdf3aaf0-999b-922c-ed06-f931af688bea" testName="NoLoadNoForce" computerName="vm" duration="00:00:00.0002780" startTime="2026-09-24T12:43:04.2003917+00:00" endTime="2026-09-24T12:43:04.2006699+00:00" testType="13cdc9d9-ddb5-4fa4-a97d-d965ccfc6d4b" outcome="Passed" testListId="8c84fa94-04c1-424b-9868-57a2d4851a1d" relativeResultsDirectory="e370e683-697a-4884-a258-c0098d1edaa6" />
    <UnitTestResult executionId="30a26271-e46c-4ad7-8d1a-72546e0cb155" testId="01612b27-d957-d934-c7f0-81cee05c8944" testName="ShiftGateRequiresGearAndMeasuredSpeed" computerName="vm" duration="00:00:00.0002750" startTime="2026-09-24T12:43:04.2086130+00:00" endTime="2026-09-24T12:43:04.2088876+00:00" testType="13cdc9d9-ddb5-4fa4-a97d-d965ccfc6d4b" outcome="Passed" testListId="8c84fa94-04c1-424b-9868-57a2d4851a1d" relativeResultsDirectory="30a26271-e46c-4ad7-8d1a-72546e0cb155" />
    <UnitTestResult executionId="75bb6736-a578-491c-a59d-76f6f30dd492" testId="6579d1ec-e2b1-7b1a-cfe8-fe3f1d7e52d0" testName="WasherGivesThreeSweepsAndNoPowerFreezes" computerName="vm" duration="00:00:00.0003089" startTime="2026-09-24T12:43:04.4838548+00:00" endTime="2026-09-24T12:43:04.4841639+00:00" testType="13cdc9d9-ddb5-4fa4-a97d-d965ccfc6d4b" outcome="Passed" testListId="8c84fa94-04c1-424b-9868-57a2d4851a1d" relativeResultsDirectory="75bb6736-a578-491c-a59d-76f6f30dd492" />
    <UnitTestResult executionId="89f8d61e-e189-44a3-a3f7-73b104434bb5" testId="d1309814-88a2-4f27-e899-f49a00ec76cb" testName="ParkAndReverseRefusedAtSpeed" computerName="vm" duration="00:00:00.0014700" startTime="2026-09-24T12:43:04.1667492+00:00" endTime="2026-09-24T12:43:04.1682185+00:00" testType="13cdc9d9-ddb5-4fa4-a97d-d965ccfc6d4b" outcome="Passed" testListId="8c84fa94-04c1-424b-9868-57a2d4851a1d" relativeResultsDirectory="89f8d61e-e189-44a3-a3f7-73b104434bb5" />
    <UnitTestResult executionId="d2cee749-4284-4861-8f92-423d93159f8f" testId="3689f1cc-e619-e9f6-d92e-404f851b6fef" testName="InvalidNumbersAreRejected" computerName="vm" duration="00:00:00.0007159" startTime="2026-09-24T12:43:04.2069646+00:00" endTime="2026-09-24T12:43:04.2076809+00:00" testType="13cdc9d9-ddb5-4fa4-a97d-d965ccfc6d4b" outcome="Passed" testListId="8c84fa94-04c1-424b-9868-57a2d4851a1d" relativeResultsDirectory="d2cee749-4284-4861-8f92-423d93159f8f" />
    <UnitTestResult executionId="3620fe85-edee-4b05-8205-0e8446919b98" testId="a5b8849f-7e9e-d8bc-aac5-5392d107b5e3" testName="ReverseTorqueIsNegative" computerName="vm" duration="00:00:00.0003550" startTime="2026-09-24T12:43:04.1682385+00:00" endTime="2026-09-24T12:43:04.1685931+00:00" testType="13cdc9d9-ddb5-4fa4-a97d-d965ccfc6d4b" outcome="Passed" testListId="8c84fa94-04c1-424b-9868-57a2d4851a1d" relativeResultsDirectory="3620fe85-edee-4b05-8205-0e8446919b98" />
    <UnitTestResult executionId="cb2c2c83-e805-434d-9397-5bc4c8245d0e" testId="ac96bda8-06b4-c7ea-ecf9-fe0c5f20ec25" testName="ExcessiveLoad_CausesEngineToStall" computerName="vm" duration="00:00:00.0099010" startTime="2026-09-24T12:43:04.1404458+00:00" endTime="2026-09-24T12:43:04.1503458+00:00" testType="13cdc9d9-ddb5-4fa4-a97d-d965ccfc6d4b" outcome="Passed" testListId="8c84fa94-04c1-424b-9868-57a2d4851a1d" relativeResultsDirectory="cb2c2c83-e805-434d-9397-5bc4c8245d0e" />
    <UnitTestResult executionId="2765cfc4-b028-4b03-a23d-ab1473f5c39a" testId="91706826-8014-ab84-b289-d819861988cf" testName="NeutralTransmitsNothing" computerName="vm" duration="00:00:00.0002150" startTime="2026-09-24T12:43:04.1665191+00:00" endTime="2026-09-24T12:43:04.1667337+00:00" testType="13cdc9d9-ddb5-4fa4-a97d-d965ccfc6d4b" outcome="Passed" testListId="8c84fa94-04c1-424b-9868-57a2d4851a1d" relativeResultsDirectory="2765cfc4-b028-4b03-a23d-ab1473f5c39a" />
    <UnitTestResult executionId="8b1303fa-ff29-4d1d-94cc-99b667b99386" testId="f0a10df0-4f00-0116-5ff9-ab05f7675284" testName="TimeoutCannotBeOverriddenByPassingStop" computerName="vm" duration="00:00:00.0001710" startTime="2026-09-24T12:43:04.2091743+00:00" endTime="2026-09-24T12:43:04.2093457+00:00" testType="13cdc9d9-ddb5-4fa4-a97d-d965ccfc6d4b" outcome="Passed" testListId="8c84fa94-04c1-424b-9868-57a2d4851a1d" relativeResultsDirectory="8b1303fa-ff29-4d1d-94cc-99b667b99386" />
  </Results>
  <TestDefinitions>
    <UnitTest name="AutomaticStopsWithBrakeInDriveWithoutStalling" storage="/home/user/drivingschoolsim/tests/dotnet/bin/debug/net8.0/ds.puretests.dll" id="6e54bebc-ec59-897c-2fff-a09af1500d76">
      <Execution id="0bc648b8-f656-46e5-9540-6d7c03a46bed" />
      <TestMethod codeBase="/home/user/DrivingSchoolSim/tests/dotnet/bin/Debug/net8.0/DS.PureTests.dll" adapterTypeName="executor://nunit3testexecutor/" className="DrivingSchool.Tests.VehicleDynamicsTests" name="AutomaticStopsWithBrakeInDriveWithoutStalling" />
    </UnitTest>
    <UnitTest name="PedalIsClampedAndNanRejected" storage="/home/user/drivingschoolsim/tests/dotnet/bin/debug/net8.0/ds.puretests.dll" id="8493227b-b60b-4ec1-5cc0-2dec947440cb">
      <Execution id="c615d5a7-351d-4e03-8302-3b72f40dd38e" />
      <TestMethod codeBase="/home/user/DrivingSchoolSim/tests/dotnet/bin/Debug/net8.0/DS.PureTests.dll" adapterTypeName="executor://nunit3testexecutor/" className="DrivingSchool.Tests.ClutchModelTests" name="PedalIsClampedAndNanRejected" />
    </UnitTest>
    <UnitTest name="WithoutHandbrakeCarRollsBackOnGrade" storage="/home/user/drivingschoolsim/tests/dotnet/bin/debug/net8.0/ds.puretests.dll" id="3157ceef-b623-f744-625c-e751249562c1">
      <Execution id="e1ae62f1-c81a-49f9-8805-e2bfdffdf880" />
      <TestMethod codeBase="/home/user/DrivingSchoolSim/tests/dotnet/bin/Debug/net8.0/DS.PureTests.dll" adapterTypeName="executor://nunit3testexecutor/" className="DrivingSchool.Tests.VehicleDynamicsTests" name="WithoutHandbrakeCarRollsBackOnGrade" />
    </UnitTest>
    <UnitTest name="GearChangeWithoutClutchIsRefused" storage="/home/user/drivingschoolsim/tests/dotnet/bin/debug/net8.0/ds.puretests.dll" id="fc3397df-28fc-50f7-13be-ccd154747fcd">
      <Execution id="6056105d-c5a9-4497-b5b4-c54ac7574b1e" />
      <TestMethod codeBase="/home/user/DrivingSchoolSim/tests/dotnet/bin/Debug/net8.0/DS.PureTests.dll" adapterTypeName="executor://nunit3testexecutor/" className="DrivingSchool.Tests.VehicleDynamicsTests" name="GearChangeWithoutClutchIsRefused" />
    </UnitTest>
    <UnitTest name="RotatedBayUsesRotatedVehicleFootprint" storage="/home/user/drivingschoolsim/tests/dotnet/bin/debug/net8.0/ds.puretests.dll" id="14881234-6ed4-7ff0-b483-b396357ebcb9">
      <Execution id="924b0e65-91d4-4a32-9087-8f0e843a2bb1" />
      <TestMethod codeBase="/home/user/DrivingSchoolSim/tests/dotnet/bin/Debug/net8.0/DS.PureTests.dll" adapterTypeName="executor://nunit3testexecutor/" className="DrivingSchool.Tests.TrainingCourseTests" name="RotatedBayUsesRotatedVehicleFootprint" />
    </UnitTest>
    <UnitTest name="InvalidInputsAreRejected" storage="/home/user/drivingschoolsim/tests/dotnet/bin/debug/net8.0/ds.puretests.dll" id="905a431b-e53d-612c-8fc5-9806bf4948e2">
      <Execution id="480b2c55-8222-486b-8930-79d27ccdf786" />
      <TestMethod codeBase="/home/user/DrivingSchoolSim/tests/dotnet/bin/Debug/net8.0/DS.PureTests.dll" adapterTypeName="executor://nunit3testexecutor/" className="DrivingSchool.Tests.VehicleDynamicsTests" name="InvalidInputsAreRejected" />
    </UnitTest>
    <UnitTest name="HandbrakeHoldsOnTwelvePercentGrade" storage="/home/user/drivingschoolsim/tests/dotnet/bin/debug/net8.0/ds.puretests.dll" id="843a20c8-beef-5ddd-6da9-73758bd3e34b">
      <Execution id="021a0af2-aca3-4343-b103-3efe88e6ac5b" />
      <TestMethod codeBase="/home/user/DrivingSchoolSim/tests/dotnet/bin/Debug/net8.0/DS.PureTests.dll" adapterTypeName="executor://nunit3testexecutor/" className="DrivingSchool.Tests.VehicleDynamicsTests" name="HandbrakeHoldsOnTwelvePercentGrade" />
    </UnitTest>
    <UnitTest name="ExcessiveLoad_CausesEngineToStall" storage="/home/user/drivingschoolsim/tests/dotnet/bin/debug/net8.0/ds.puretests.dll" id="ac96bda8-06b4-c7ea-ecf9-fe0c5f20ec25">
      <Execution id="cb2c2c83-e805-434d-9397-5bc4c8245d0e" />
      <TestMethod codeBase="/home/user/DrivingSchoolSim/tests/dotnet/bin/Debug/net8.0/DS.PureTests.dll" adapterTypeName="executor://nunit3testexecutor/" className="DrivingSchool.Tests.EngineModelTests" name="ExcessiveLoad_CausesEngineToStall" />
    </UnitTest>
    <UnitTest name="Starter_TransitionsToCranking_AndSpinsEngine" storage="/home/user/drivingschoolsim/tests/dotnet/bin/debug/net8.0/ds.puretests.dll" id="a7aeb4cd-791d-2558-ba9c-00b10ed7924a">
      <Execution id="471348bf-6c05-4792-9afe-50cfd0f7f682" />
      <TestMethod codeBase="/home/user/DrivingSchoolSim/tests/dotnet/bin/Debug/net8.0/DS.PureTests.dll" adapterTypeName="executor://nunit3testexecutor/" className="DrivingSchool.Tests.EngineModelTests" name="Starter_TransitionsToCranking_AndSpinsEngine" />
    </UnitTest>
    <UnitTest name="PenaltyScore_AccumulatesAcrossMultipleViolations" storage="/home/user/drivingschoolsim/tests/dotnet/bin/debug/net8.0/ds.puretests.dll" id="fd20f004-c989-fa0a-6ae5-67212831098e">
      <Execution id="480615fb-7a9d-4354-9bd6-9af309b8ad19" />
      <TestMethod codeBase="/home/user/DrivingSchoolSim/tests/dotnet/bin/Debug/net8.0/DS.PureTests.dll" adapterTypeName="executor://nunit3testexecutor/" className="DrivingSchool.Tests.RuleEvaluatorTests" name="PenaltyScore_AccumulatesAcrossMultipleViolations" />
    </UnitTest>
    <UnitTest name="SpeedLimit_EdgeTriggered_DoesNotSpamEvents" storage="/home/user/drivingschoolsim/tests/dotnet/bin/debug/net8.0/ds.puretests.dll" id="3322b6c2-b358-dd34-c642-2256092b3314">
      <Execution id="29b36607-ecd9-46b6-acd5-e75076057d79" />
      <TestMethod codeBase="/home/user/DrivingSchoolSim/tests/dotnet/bin/Debug/net8.0/DS.PureTests.dll" adapterTypeName="executor://nunit3testexecutor/" className="DrivingSchool.Tests.RuleEvaluatorTests" name="SpeedLimit_EdgeTriggered_DoesNotSpamEvents" />
    </UnitTest>
    <UnitTest name="TurnSignal_OmissionTriggersPenalty" storage="/home/user/drivingschoolsim/tests/dotnet/bin/debug/net8.0/ds.puretests.dll" id="761c76f0-793e-c2c1-00ad-c03c538db9a2">
      <Execution id="4fcc38a5-0847-417a-b9b8-71416d339924" />
      <TestMethod codeBase="/home/user/DrivingSchoolSim/tests/dotnet/bin/Debug/net8.0/DS.PureTests.dll" adapterTypeName="executor://nunit3testexecutor/" className="DrivingSchool.Tests.RuleEvaluatorTests" name="TurnSignal_OmissionTriggersPenalty" />
    </UnitTest>
    <UnitTest name="PressedPedalTransmitsNothing" storage="/home/user/drivingschoolsim/tests/dotnet/bin/debug/net8.0/ds.puretests.dll" id="dcd3adda-858b-0c85-bd06-ab1b3a7e3595">
      <Execution id="6fdb4c3e-238f-4dfe-829f-18383099203e" />
      <TestMethod codeBase="/home/user/DrivingSchoolSim/tests/dotnet/bin/Debug/net8.0/DS.PureTests.dll" adapterTypeName="executor://nunit3testexecutor/" className="DrivingSchool.Tests.ClutchModelTests" name="PressedPedalTransmitsNothing" />
    </UnitTest>
    <UnitTest name="ExerciseBoundary_SpatialHysteresis_SuppressesJitterCascade" storage="/home/user/drivingschoolsim/tests/dotnet/bin/debug/net8.0/ds.puretests.dll" id="2b736ade-b72f-04cf-4f68-5b8af57393d7">
      <Execution id="0ad8ca98-2c5c-4e23-8882-e3f1cf868885" />
      <TestMethod codeBase="/home/user/DrivingSchoolSim/tests/dotnet/bin/Debug/net8.0/DS.PureTests.dll" adapterTypeName="executor://nunit3testexecutor/" className="DrivingSchool.Tests.RuleEvaluatorTests" name="ExerciseBoundary_SpatialHysteresis_SuppressesJitterCascade" />
    </UnitTest>
    <UnitTest name="InvalidNumbersAreRejected" storage="/home/user/drivingschoolsim/tests/dotnet/bin/debug/net8.0/ds.puretests.dll" id="3689f1cc-e619-e9f6-d92e-404f851b6fef">
      <Execution id="d2cee749-4284-4861-8f92-423d93159f8f" />
      <TestMethod codeBase="/home/user/DrivingSchoolSim/tests/dotnet/bin/Debug/net8.0/DS.PureTests.dll" adapterTypeName="executor://nunit3testexecutor/" className="DrivingSchool.Tests.TrainingCourseTests" name="InvalidNumbersAreRejected" />
    </UnitTest>
    <UnitTest name="StarterIsInhibitedInGearWithClutchReleased" storage="/home/user/drivingschoolsim/tests/dotnet/bin/debug/net8.0/ds.puretests.dll" id="c3d76e0b-f385-d17a-5426-9d22e21b276d">
      <Execution id="52cd7ee6-fcd4-44dd-9c6c-53ffa3a03731" />
      <TestMethod codeBase="/home/user/DrivingSchoolSim/tests/dotnet/bin/Debug/net8.0/DS.PureTests.dll" adapterTypeName="executor://nunit3testexecutor/" className="DrivingSchool.Tests.VehicleDynamicsTests" name="StarterIsInhibitedInGearWithClutchReleased" />
    </UnitTest>
    <UnitTest name="WetRoadBrakingIsLongerThanDry" storage="/home/user/drivingschoolsim/tests/dotnet/bin/debug/net8.0/ds.puretests.dll" id="9c445514-fbc6-b900-e36d-a1ae3f900b67">
      <Execution id="1bf9f242-ff6e-4e5e-9f77-721aa172e7d8" />
      <TestMethod codeBase="/home/user/DrivingSchoolSim/tests/dotnet/bin/Debug/net8.0/DS.PureTests.dll" adapterTypeName="executor://nunit3testexecutor/" className="DrivingSchool.Tests.VehicleDynamicsTests" name="WetRoadBrakingIsLongerThanDry" />
    </UnitTest>
    <UnitTest name="SpeedLimit_Hysteresis_ResetsAfterSlowingDown" storage="/home/user/drivingschoolsim/tests/dotnet/bin/debug/net8.0/ds.puretests.dll" id="f23de1be-ce6b-d54b-c2b6-84f1069bb68c">
      <Execution id="043b055d-c1be-4383-8292-3b0041672685" />
      <TestMethod codeBase="/home/user/DrivingSchoolSim/tests/dotnet/bin/Debug/net8.0/DS.PureTests.dll" adapterTypeName="executor://nunit3testexecutor/" className="DrivingSchool.Tests.RuleEvaluatorTests" name="SpeedLimit_Hysteresis_ResetsAfterSlowingDown" />
    </UnitTest>
    <UnitTest name="ReverseTorqueIsNegative" storage="/home/user/drivingschoolsim/tests/dotnet/bin/debug/net8.0/ds.puretests.dll" id="a5b8849f-7e9e-d8bc-aac5-5392d107b5e3">
      <Execution id="3620fe85-edee-4b05-8205-0e8446919b98" />
      <TestMethod codeBase="/home/user/DrivingSchoolSim/tests/dotnet/bin/Debug/net8.0/DS.PureTests.dll" adapterTypeName="executor://nunit3testexecutor/" className="DrivingSchool.Tests.GearboxModelTests" name="ReverseTorqueIsNegative" />
    </UnitTest>
    <UnitTest name="FullThrottleInNeutral_ReachesRedline_DoesNotExceedCutoff" storage="/home/user/drivingschoolsim/tests/dotnet/bin/debug/net8.0/ds.puretests.dll" id="68e5eb73-6208-c835-32e9-4ad971ccf3d0">
      <Execution id="795b33d7-4687-4d15-a975-9452af2e8174" />
      <TestMethod codeBase="/home/user/DrivingSchoolSim/tests/dotnet/bin/Debug/net8.0/DS.PureTests.dll" adapterTypeName="executor://nunit3testexecutor/" className="DrivingSchool.Tests.EngineModelTests" name="FullThrottleInNeutral_ReachesRedline_DoesNotExceedCutoff" />
    </UnitTest>
    <UnitTest name="EngineBrakingSlowsCoastingCarInGear" storage="/home/user/drivingschoolsim/tests/dotnet/bin/debug/net8.0/ds.puretests.dll" id="3c6a03d7-325b-99f8-cc97-e00b7d653a2c">
      <Execution id="1163110b-6050-463e-88a9-8bfe7bf5534f" />
      <TestMethod codeBase="/home/user/DrivingSchoolSim/tests/dotnet/bin/Debug/net8.0/DS.PureTests.dll" adapterTypeName="executor://nunit3testexecutor/" className="DrivingSchool.Tests.VehicleDynamicsTests" name="EngineBrakingSlowsCoastingCarInGear" />
    </UnitTest>
    <UnitTest name="HillRollbackFailsAfterEntry" storage="/home/user/drivingschoolsim/tests/dotnet/bin/debug/net8.0/ds.puretests.dll" id="76fc2031-13af-3be7-2e0a-e9b8cabfa375">
      <Execution id="9ba4f45f-7189-4dcb-8fc2-703ec5f5a1cf" />
      <TestMethod codeBase="/home/user/DrivingSchoolSim/tests/dotnet/bin/Debug/net8.0/DS.PureTests.dll" adapterTypeName="executor://nunit3testexecutor/" className="DrivingSchool.Tests.TrainingCourseTests" name="HillRollbackFailsAfterEntry" />
    </UnitTest>
    <UnitTest name="ReverseParkingCannotPassByDrivingForward" storage="/home/user/drivingschoolsim/tests/dotnet/bin/debug/net8.0/ds.puretests.dll" id="ed8bfc80-1ac8-ac0e-c71b-08ad3ddcee56">
      <Execution id="bb65e457-908e-429d-bdcb-e797223d1214" />
      <TestMethod codeBase="/home/user/DrivingSchoolSim/tests/dotnet/bin/Debug/net8.0/DS.PureTests.dll" adapterTypeName="executor://nunit3testexecutor/" className="DrivingSchool.Tests.TrainingCourseTests" name="ReverseParkingCannotPassByDrivingForward" />
    </UnitTest>
    <UnitTest name="AcceleratesThroughGearsToCitySpeed" storage="/home/user/drivingschoolsim/tests/dotnet/bin/debug/net8.0/ds.puretests.dll" id="7fe4e989-8416-788a-8f3d-026d82b331e5">
      <Execution id="62d1e926-919d-45fb-9d56-3a2c08abe8e7" />
      <TestMethod codeBase="/home/user/DrivingSchoolSim/tests/dotnet/bin/Debug/net8.0/DS.PureTests.dll" adapterTypeName="executor://nunit3testexecutor/" className="DrivingSchool.Tests.VehicleDynamicsTests" name="AcceleratesThroughGearsToCitySpeed" />
    </UnitTest>
    <UnitTest name="OppositeSteeringDoesNotCancel" storage="/home/user/drivingschoolsim/tests/dotnet/bin/debug/net8.0/ds.puretests.dll" id="4bc53245-d339-e990-de78-f622f38191a4">
      <Execution id="f20d1b9c-d292-4c28-a6e6-71f5134692e5" />
      <TestMethod codeBase="/home/user/DrivingSchoolSim/tests/dotnet/bin/Debug/net8.0/DS.PureTests.dll" adapterTypeName="executor://nunit3testexecutor/" className="DrivingSchool.Tests.TurnSignalStalkTests" name="OppositeSteeringDoesNotCancel" />
    </UnitTest>
    <UnitTest name="WasherGivesThreeSweepsAndNoPowerFreezes" storage="/home/user/drivingschoolsim/tests/dotnet/bin/debug/net8.0/ds.puretests.dll" id="6579d1ec-e2b1-7b1a-cfe8-fe3f1d7e52d0">
      <Execution id="75bb6736-a578-491c-a59d-76f6f30dd492" />
      <TestMethod codeBase="/home/user/DrivingSchoolSim/tests/dotnet/bin/Debug/net8.0/DS.PureTests.dll" adapterTypeName="executor://nunit3testexecutor/" className="DrivingSchool.Tests.WiperTests" name="WasherGivesThreeSweepsAndNoPowerFreezes" />
    </UnitTest>
    <UnitTest name="TimeoutCannotBeOverriddenByPassingStop" storage="/home/user/drivingschoolsim/tests/dotnet/bin/debug/net8.0/ds.puretests.dll" id="f0a10df0-4f00-0116-5ff9-ab05f7675284">
      <Execution id="8b1303fa-ff29-4d1d-94cc-99b667b99386" />
      <TestMethod codeBase="/home/user/DrivingSchoolSim/tests/dotnet/bin/Debug/net8.0/DS.PureTests.dll" adapterTypeName="executor://nunit3testexecutor/" className="DrivingSchool.Tests.TrainingCourseTests" name="TimeoutCannotBeOverriddenByPassingStop" />
    </UnitTest>
    <UnitTest name="NoLoadNoForce" storage="/home/user/drivingschoolsim/tests/dotnet/bin/debug/net8.0/ds.puretests.dll" id="cdf3aaf0-999b-922c-ed06-f931af688bea">
      <Execution id="e370e683-697a-4884-a258-c0098d1edaa6" />
      <TestMethod codeBase="/home/user/DrivingSchoolSim/tests/dotnet/bin/Debug/net8.0/DS.PureTests.dll" adapterTypeName="executor://nunit3testexecutor/" className="DrivingSchool.Tests.TireModelTests" name="NoLoadNoForce" />
    </UnitTest>
    <UnitTest name="ThirdGearStartFromRestStalls" storage="/home/user/drivingschoolsim/tests/dotnet/bin/debug/net8.0/ds.puretests.dll" id="ea3fe438-04dd-b7c0-bc7a-6620a4749d8b">
      <Execution id="852e2280-0826-45d0-9db1-b4a0f413a624" />
      <TestMethod codeBase="/home/user/DrivingSchoolSim/tests/dotnet/bin/Debug/net8.0/DS.PureTests.dll" adapterTypeName="executor://nunit3testexecutor/" className="DrivingSchool.Tests.VehicleDynamicsTests" name="ThirdGearStartFromRestStalls" />
    </UnitTest>
    <UnitTest name="AutomaticUpshiftsAndDownshifts" storage="/home/user/drivingschoolsim/tests/dotnet/bin/debug/net8.0/ds.puretests.dll" id="db344955-8396-1038-de03-8ddd9dce8c4e">
      <Execution id="80220768-2fe1-4e1f-b301-dff478ae1f50" />
      <TestMethod codeBase="/home/user/DrivingSchoolSim/tests/dotnet/bin/Debug/net8.0/DS.PureTests.dll" adapterTypeName="executor://nunit3testexecutor/" className="DrivingSchool.Tests.GearboxModelTests" name="AutomaticUpshiftsAndDownshifts" />
    </UnitTest>
    <UnitTest name="IndicatorFlashesAtOnePointFiveHertz" storage="/home/user/drivingschoolsim/tests/dotnet/bin/debug/net8.0/ds.puretests.dll" id="be9db9b8-73e7-b7cc-20fd-aecabb01fd1c">
      <Execution id="e62eb38b-bab2-4809-a6d5-81516c0f6d58" />
      <TestMethod codeBase="/home/user/DrivingSchoolSim/tests/dotnet/bin/Debug/net8.0/DS.PureTests.dll" adapterTypeName="executor://nunit3testexecutor/" className="DrivingSchool.Tests.VehicleLightsTests" name="IndicatorFlashesAtOnePointFiveHertz" />
    </UnitTest>
    <UnitTest name="SuccessfulStart_EntersRunning_AndMaintainsIdleRpm" storage="/home/user/drivingschoolsim/tests/dotnet/bin/debug/net8.0/ds.puretests.dll" id="6e1fc439-373b-abe1-62d4-2d64f4692a34">
      <Execution id="0a040a07-3973-4206-9bab-2a1f933bcf57" />
      <TestMethod codeBase="/home/user/DrivingSchoolSim/tests/dotnet/bin/Debug/net8.0/DS.PureTests.dll" adapterTypeName="executor://nunit3testexecutor/" className="DrivingSchool.Tests.EngineModelTests" name="SuccessfulStart_EntersRunning_AndMaintainsIdleRpm" />
    </UnitTest>
    <UnitTest name="ManualGearNeedsClutchButNeutralDoesNot" storage="/home/user/drivingschoolsim/tests/dotnet/bin/debug/net8.0/ds.puretests.dll" id="1270dcd3-32c9-6607-4a7a-e5af97baf0c7">
      <Execution id="fe5609ec-d58d-4fb1-9159-16572bc39ff8" />
      <TestMethod codeBase="/home/user/DrivingSchoolSim/tests/dotnet/bin/Debug/net8.0/DS.PureTests.dll" adapterTypeName="executor://nunit3testexecutor/" className="DrivingSchool.Tests.GearboxModelTests" name="ManualGearNeedsClutchButNeutralDoesNot" />
    </UnitTest>
    <UnitTest name="SpeedLimit_DebounceWindow_RequiresSustainedExcess" storage="/home/user/drivingschoolsim/tests/dotnet/bin/debug/net8.0/ds.puretests.dll" id="c1890c78-803d-fde4-59e4-16c4cf7296dd">
      <Execution id="bbc9f071-e47d-442f-8149-d69e5eefdd9f" />
      <TestMethod codeBase="/home/user/DrivingSchoolSim/tests/dotnet/bin/Debug/net8.0/DS.PureTests.dll" adapterTypeName="executor://nunit3testexecutor/" className="DrivingSchool.Tests.RuleEvaluatorTests" name="SpeedLimit_DebounceWindow_RequiresSustainedExcess" />
    </UnitTest>
    <UnitTest name="AutomaticUpshiftsUnderAcceleration" storage="/home/user/drivingschoolsim/tests/dotnet/bin/debug/net8.0/ds.puretests.dll" id="2df2a802-bd0b-5a8a-3b30-b1693f70babf">
      <Execution id="db612d1e-cf44-4d31-9650-29c5467a2e21" />
      <TestMethod codeBase="/home/user/DrivingSchoolSim/tests/dotnet/bin/Debug/net8.0/DS.PureTests.dll" adapterTypeName="executor://nunit3testexecutor/" className="DrivingSchool.Tests.VehicleDynamicsTests" name="AutomaticUpshiftsUnderAcceleration" />
    </UnitTest>
    <UnitTest name="StopLine_StoppingCorrectly_PassesWithoutViolation" storage="/home/user/drivingschoolsim/tests/dotnet/bin/debug/net8.0/ds.puretests.dll" id="8e575184-bae9-1224-04c3-d4d48c9cf7b1">
      <Execution id="a7aea124-b362-4727-abbb-4baf83f61589" />
      <TestMethod codeBase="/home/user/DrivingSchoolSim/tests/dotnet/bin/Debug/net8.0/DS.PureTests.dll" adapterTypeName="executor://nunit3testexecutor/" className="DrivingSchool.Tests.RuleEvaluatorTests" name="StopLine_StoppingCorrectly_PassesWithoutViolation" />
    </UnitTest>
    <UnitTest name="MustFitEntireVehicleInParkingBay" storage="/home/user/drivingschoolsim/tests/dotnet/bin/debug/net8.0/ds.puretests.dll" id="7500c22d-99e9-666b-70f2-44a7a7ecd67a">
      <Execution id="1cbe42f8-15b3-4480-9b4f-8e8da303520f" />
      <TestMethod codeBase="/home/user/DrivingSchoolSim/tests/dotnet/bin/Debug/net8.0/DS.PureTests.dll" adapterTypeName="executor://nunit3testexecutor/" className="DrivingSchool.Tests.TrainingCourseTests" name="MustFitEntireVehicleInParkingBay" />
    </UnitTest>
    <UnitTest name="DryingReducesWater" storage="/home/user/drivingschoolsim/tests/dotnet/bin/debug/net8.0/ds.puretests.dll" id="2bdfdb18-af39-b91f-9364-f5824fab5d1e">
      <Execution id="81512605-963f-41ff-8ff4-bc3c8ea226f4" />
      <TestMethod codeBase="/home/user/DrivingSchoolSim/tests/dotnet/bin/Debug/net8.0/DS.PureTests.dll" adapterTypeName="executor://nunit3testexecutor/" className="DrivingSchool.Tests.WindshieldWetnessTests" name="DryingReducesWater" />
    </UnitTest>
    <UnitTest name="InitialState_IsOff_ZeroRpm" storage="/home/user/drivingschoolsim/tests/dotnet/bin/debug/net8.0/ds.puretests.dll" id="f4ec2ff6-beb9-d550-0ff1-a638a8b24e47">
      <Execution id="3e6b1801-6a5c-41d9-a655-f7e7bd49c9b5" />
      <TestMethod codeBase="/home/user/DrivingSchoolSim/tests/dotnet/bin/Debug/net8.0/DS.PureTests.dll" adapterTypeName="executor://nunit3testexecutor/" className="DrivingSchool.Tests.EngineModelTests" name="InitialState_IsOff_ZeroRpm" />
    </UnitTest>
    <UnitTest name="LateralForceOpposesSideSlip" storage="/home/user/drivingschoolsim/tests/dotnet/bin/debug/net8.0/ds.puretests.dll" id="260b7965-7294-4658-4dae-e893a2fce4f3">
      <Execution id="e2ba6012-38b0-47a1-8551-8c3d0f8f7c97" />
      <TestMethod codeBase="/home/user/DrivingSchoolSim/tests/dotnet/bin/Debug/net8.0/DS.PureTests.dll" adapterTypeName="executor://nunit3testexecutor/" className="DrivingSchool.Tests.TireModelTests" name="LateralForceOpposesSideSlip" />
    </UnitTest>
    <UnitTest name="ExamIncludesTransfersAndFinalFinish" storage="/home/user/drivingschoolsim/tests/dotnet/bin/debug/net8.0/ds.puretests.dll" id="07d76b06-33c8-6492-41de-6bcae824eea0">
      <Execution id="1337b9c7-1207-430a-b4f1-50ee95b6dd4f" />
      <TestMethod codeBase="/home/user/DrivingSchoolSim/tests/dotnet/bin/Debug/net8.0/DS.PureTests.dll" adapterTypeName="executor://nunit3testexecutor/" className="DrivingSchool.Tests.TrainingCourseTests" name="ExamIncludesTransfersAndFinalFinish" />
    </UnitTest>
    <UnitTest name="FullWipeClearsSweptSectorOnly" storage="/home/user/drivingschoolsim/tests/dotnet/bin/debug/net8.0/ds.puretests.dll" id="4a5e3055-1553-22be-8fb4-eb54814ef448">
      <Execution id="72587bec-5a63-43e4-9015-b5f044ac8e08" />
      <TestMethod codeBase="/home/user/DrivingSchoolSim/tests/dotnet/bin/Debug/net8.0/DS.PureTests.dll" adapterTypeName="executor://nunit3testexecutor/" className="DrivingSchool.Tests.WindshieldWetnessTests" name="FullWipeClearsSweptSectorOnly" />
    </UnitTest>
    <UnitTest name="OrderingDryWetSnowIce" storage="/home/user/drivingschoolsim/tests/dotnet/bin/debug/net8.0/ds.puretests.dll" id="797f4118-0ec5-3791-139c-87e53c13ae6f">
      <Execution id="d0648ba7-66df-428e-ab1b-88956ec4cc17" />
      <TestMethod codeBase="/home/user/DrivingSchoolSim/tests/dotnet/bin/Debug/net8.0/DS.PureTests.dll" adapterTypeName="executor://nunit3testexecutor/" className="DrivingSchool.Tests.SurfaceFrictionTests" name="OrderingDryWetSnowIce" />
    </UnitTest>
    <UnitTest name="FaultThresholdAndTerminalStateAreStable" storage="/home/user/drivingschoolsim/tests/dotnet/bin/debug/net8.0/ds.puretests.dll" id="e5728d96-6c45-3559-ed12-401b1c9739a1">
      <Execution id="da1d32c0-1137-444a-a9b3-62a9df694858" />
      <TestMethod codeBase="/home/user/DrivingSchoolSim/tests/dotnet/bin/Debug/net8.0/DS.PureTests.dll" adapterTypeName="executor://nunit3testexecutor/" className="DrivingSchool.Tests.TrainingCourseTests" name="FaultThresholdAndTerminalStateAreStable" />
    </UnitTest>
    <UnitTest name="NegativeLoadGivesNoForceAndNanThrows" storage="/home/user/drivingschoolsim/tests/dotnet/bin/debug/net8.0/ds.puretests.dll" id="491e06c8-126e-2572-f22a-cba78ddcc28b">
      <Execution id="6c673a67-79cb-4f4c-87f2-eafab806a822" />
      <TestMethod codeBase="/home/user/DrivingSchoolSim/tests/dotnet/bin/Debug/net8.0/DS.PureTests.dll" adapterTypeName="executor://nunit3testexecutor/" className="DrivingSchool.Tests.SurfaceFrictionTests" name="NegativeLoadGivesNoForceAndNanThrows" />
    </UnitTest>
    <UnitTest name="ExerciseBoundary_CrossingBoundary_TriggersFatalInfraction" storage="/home/user/drivingschoolsim/tests/dotnet/bin/debug/net8.0/ds.puretests.dll" id="583b6d91-df16-783b-6e72-fbc893cdde47">
      <Execution id="821b5827-3420-4bad-a8f3-2dd72e7bc871" />
      <TestMethod codeBase="/home/user/DrivingSchoolSim/tests/dotnet/bin/Debug/net8.0/DS.PureTests.dll" adapterTypeName="executor://nunit3testexecutor/" className="DrivingSchool.Tests.RuleEvaluatorTests" name="ExerciseBoundary_CrossingBoundary_TriggersFatalInfraction" />
    </UnitTest>
    <UnitTest name="BlendIsContinuousAtEnds" storage="/home/user/drivingschoolsim/tests/dotnet/bin/debug/net8.0/ds.puretests.dll" id="bb56ff93-f6e9-b024-78a5-493be0cee804">
      <Execution id="53365859-3e4a-45ad-b912-74e5120123f5" />
      <TestMethod codeBase="/home/user/DrivingSchoolSim/tests/dotnet/bin/Debug/net8.0/DS.PureTests.dll" adapterTypeName="executor://nunit3testexecutor/" className="DrivingSchool.Tests.SurfaceFrictionTests" name="BlendIsContinuousAtEnds" />
    </UnitTest>
    <UnitTest name="HeadlightModes" storage="/home/user/drivingschoolsim/tests/dotnet/bin/debug/net8.0/ds.puretests.dll" id="2301ecda-79c5-3eb6-1173-fade459d2a94">
      <Execution id="2d1892bc-d158-4d59-a92b-561ab8f8d00f" />
      <TestMethod codeBase="/home/user/DrivingSchoolSim/tests/dotnet/bin/Debug/net8.0/DS.PureTests.dll" adapterTypeName="executor://nunit3testexecutor/" className="DrivingSchool.Tests.VehicleLightsTests" name="HeadlightModes" />
    </UnitTest>
    <UnitTest name="StopLine_PassingWithoutStopping_TriggersViolation" storage="/home/user/drivingschoolsim/tests/dotnet/bin/debug/net8.0/ds.puretests.dll" id="a53b2610-b86c-2fe3-1c7c-5fafb17b1c2e">
      <Execution id="4679f057-3df7-4fd1-b4ba-048d70249e13" />
      <TestMethod codeBase="/home/user/DrivingSchoolSim/tests/dotnet/bin/Debug/net8.0/DS.PureTests.dll" adapterTypeName="executor://nunit3testexecutor/" className="DrivingSchool.Tests.RuleEvaluatorTests" name="StopLine_PassingWithoutStopping_TriggersViolation" />
    </UnitTest>
    <UnitTest name="SteeringLeftTurnsLeft" storage="/home/user/drivingschoolsim/tests/dotnet/bin/debug/net8.0/ds.puretests.dll" id="f8f10d2f-3cd5-71e6-b573-743b0546a93c">
      <Execution id="98b21c2f-a6fc-423b-9794-fa91184ca186" />
      <TestMethod codeBase="/home/user/DrivingSchoolSim/tests/dotnet/bin/Debug/net8.0/DS.PureTests.dll" adapterTypeName="executor://nunit3testexecutor/" className="DrivingSchool.Tests.VehicleDynamicsTests" name="SteeringLeftTurnsLeft" />
    </UnitTest>
    <UnitTest name="LowModeSweepsAndParksWhenSwitchedOff" storage="/home/user/drivingschoolsim/tests/dotnet/bin/debug/net8.0/ds.puretests.dll" id="d8f8cd6c-85c8-36f3-7514-748ebc5111b3">
      <Execution id="c98094b3-2491-478e-9aad-ccbfa7987c1a" />
      <TestMethod codeBase="/home/user/DrivingSchoolSim/tests/dotnet/bin/Debug/net8.0/DS.PureTests.dll" adapterTypeName="executor://nunit3testexecutor/" className="DrivingSchool.Tests.WiperTests" name="LowModeSweepsAndParksWhenSwitchedOff" />
    </UnitTest>
    <UnitTest name="ShiftGateRequiresGearAndMeasuredSpeed" storage="/home/user/drivingschoolsim/tests/dotnet/bin/debug/net8.0/ds.puretests.dll" id="01612b27-d957-d934-c7f0-81cee05c8944">
      <Execution id="30a26271-e46c-4ad7-8d1a-72546e0cb155" />
      <TestMethod codeBase="/home/user/DrivingSchoolSim/tests/dotnet/bin/Debug/net8.0/DS.PureTests.dll" adapterTypeName="executor://nunit3testexecutor/" className="DrivingSchool.Tests.TrainingCourseTests" name="ShiftGateRequiresGearAndMeasuredSpeed" />
    </UnitTest>
    <UnitTest name="EqualSpeedsLockUp" storage="/home/user/drivingschoolsim/tests/dotnet/bin/debug/net8.0/ds.puretests.dll" id="5f719688-940d-0a42-fb0b-368e7a95b071">
      <Execution id="26c8d6b9-8837-4f81-bb52-2e255451a8cf" />
      <TestMethod codeBase="/home/user/DrivingSchoolSim/tests/dotnet/bin/Debug/net8.0/DS.PureTests.dll" adapterTypeName="executor://nunit3testexecutor/" className="DrivingSchool.Tests.ClutchModelTests" name="EqualSpeedsLockUp" />
    </UnitTest>
    <UnitTest name="NeutralTransmitsNothing" storage="/home/user/drivingschoolsim/tests/dotnet/bin/debug/net8.0/ds.puretests.dll" id="91706826-8014-ab84-b289-d819861988cf">
      <Execution id="2765cfc4-b028-4b03-a23d-ab1473f5c39a" />
      <TestMethod codeBase="/home/user/DrivingSchoolSim/tests/dotnet/bin/Debug/net8.0/DS.PureTests.dll" adapterTypeName="executor://nunit3testexecutor/" className="DrivingSchool.Tests.GearboxModelTests" name="NeutralTransmitsNothing" />
    </UnitTest>
    <UnitTest name="ToggleSameDirectionSwitchesOff" storage="/home/user/drivingschoolsim/tests/dotnet/bin/debug/net8.0/ds.puretests.dll" id="45d2f48a-6fd6-00fe-95f8-d5707b186301">
      <Execution id="3a2636b2-b8f2-4360-8405-ae3b0fa924f7" />
      <TestMethod codeBase="/home/user/DrivingSchoolSim/tests/dotnet/bin/Debug/net8.0/DS.PureTests.dll" adapterTypeName="executor://nunit3testexecutor/" className="DrivingSchool.Tests.TurnSignalStalkTests" name="ToggleSameDirectionSwitchesOff" />
    </UnitTest>
    <UnitTest name="IndicatorsNeedIgnitionButHazardDoesNot" storage="/home/user/drivingschoolsim/tests/dotnet/bin/debug/net8.0/ds.puretests.dll" id="ad4cec4e-d3cd-040a-0e62-1fc2a61ef812">
      <Execution id="317e5ede-340b-4bcc-8c67-2c6876301eae" />
      <TestMethod codeBase="/home/user/DrivingSchoolSim/tests/dotnet/bin/Debug/net8.0/DS.PureTests.dll" adapterTypeName="executor://nunit3testexecutor/" className="DrivingSchool.Tests.VehicleLightsTests" name="IndicatorsNeedIgnitionButHazardDoesNot" />
    </UnitTest>
    <UnitTest name="StopLine_DynamicDt_IsTickRateIndependent" storage="/home/user/drivingschoolsim/tests/dotnet/bin/debug/net8.0/ds.puretests.dll" id="fa1ac2f9-1a88-4650-48d1-e08e21fa1788">
      <Execution id="435ae573-2129-49d8-b8ed-b14068c5daf8" />
      <TestMethod codeBase="/home/user/DrivingSchoolSim/tests/dotnet/bin/Debug/net8.0/DS.PureTests.dll" adapterTypeName="executor://nunit3testexecutor/" className="DrivingSchool.Tests.RuleEvaluatorTests" name="StopLine_DynamicDt_IsTickRateIndependent" />
    </UnitTest>
    <UnitTest name="SmoothClutchReleasePullsAwayWithoutStalling" storage="/home/user/drivingschoolsim/tests/dotnet/bin/debug/net8.0/ds.puretests.dll" id="dd34f787-e359-5eab-b1a1-59a21475cd05">
      <Execution id="e128e257-bfc4-43e1-953c-feb24e3703f9" />
      <TestMethod codeBase="/home/user/DrivingSchoolSim/tests/dotnet/bin/Debug/net8.0/DS.PureTests.dll" adapterTypeName="executor://nunit3testexecutor/" className="DrivingSchool.Tests.VehicleDynamicsTests" name="SmoothClutchReleasePullsAwayWithoutStalling" />
    </UnitTest>
    <UnitTest name="EngineBrakingReversesTorqueSign" storage="/home/user/drivingschoolsim/tests/dotnet/bin/debug/net8.0/ds.puretests.dll" id="bc2ce240-c912-3456-8c94-50955f2b1cc8">
      <Execution id="78ff8547-7a33-4624-bdd5-093efe9e2d02" />
      <TestMethod codeBase="/home/user/DrivingSchoolSim/tests/dotnet/bin/Debug/net8.0/DS.PureTests.dll" adapterTypeName="executor://nunit3testexecutor/" className="DrivingSchool.Tests.ClutchModelTests" name="EngineBrakingReversesTorqueSign" />
    </UnitTest>
    <UnitTest name="BrakeAndReverseLights" storage="/home/user/drivingschoolsim/tests/dotnet/bin/debug/net8.0/ds.puretests.dll" id="15d67527-4e8c-07b8-2f98-6d67a3796a5c">
      <Execution id="eb178561-bbb1-44bd-92ed-c973d465aa54" />
      <TestMethod codeBase="/home/user/DrivingSchoolSim/tests/dotnet/bin/Debug/net8.0/DS.PureTests.dll" adapterTypeName="executor://nunit3testexecutor/" className="DrivingSchool.Tests.VehicleLightsTests" name="BrakeAndReverseLights" />
    </UnitTest>
    <UnitTest name="FirstGearTorque" storage="/home/user/drivingschoolsim/tests/dotnet/bin/debug/net8.0/ds.puretests.dll" id="7064bdab-389c-60e0-9318-79434a45c344">
      <Execution id="17056c01-6696-4592-8615-f09af4cd7f9d" />
      <TestMethod codeBase="/home/user/DrivingSchoolSim/tests/dotnet/bin/Debug/net8.0/DS.PureTests.dll" adapterTypeName="executor://nunit3testexecutor/" className="DrivingSchool.Tests.GearboxModelTests" name="FirstGearTorque" />
    </UnitTest>
    <UnitTest name="ReverseGearDrivesBackwardsWithReverseLight" storage="/home/user/drivingschoolsim/tests/dotnet/bin/debug/net8.0/ds.puretests.dll" id="616004e1-86a3-7209-4235-acb09f56c6f8">
      <Execution id="045c70f4-c264-4704-a26a-8e6a395b03f1" />
      <TestMethod codeBase="/home/user/DrivingSchoolSim/tests/dotnet/bin/Debug/net8.0/DS.PureTests.dll" adapterTypeName="executor://nunit3testexecutor/" className="DrivingSchool.Tests.VehicleDynamicsTests" name="ReverseGearDrivesBackwardsWithReverseLight" />
    </UnitTest>
    <UnitTest name="HalfPedalGivesHalfCapacityInSlipDirection" storage="/home/user/drivingschoolsim/tests/dotnet/bin/debug/net8.0/ds.puretests.dll" id="56ec7869-57b2-d581-4338-170879f5b326">
      <Execution id="f0bfbb49-fdd0-427c-964d-78e93f1c11f0" />
      <TestMethod codeBase="/home/user/DrivingSchoolSim/tests/dotnet/bin/Debug/net8.0/DS.PureTests.dll" adapterTypeName="executor://nunit3testexecutor/" className="DrivingSchool.Tests.ClutchModelTests" name="HalfPedalGivesHalfCapacityInSlipDirection" />
    </UnitTest>
    <UnitTest name="HoldMustBeContinuousAndAligned" storage="/home/user/drivingschoolsim/tests/dotnet/bin/debug/net8.0/ds.puretests.dll" id="416f0c45-ecbf-d229-0e9d-475a94883b0c">
      <Execution id="3942aef9-16d0-4e68-93f4-6c060c4ee79c" />
      <TestMethod codeBase="/home/user/DrivingSchoolSim/tests/dotnet/bin/Debug/net8.0/DS.PureTests.dll" adapterTypeName="executor://nunit3testexecutor/" className="DrivingSchool.Tests.TrainingCourseTests" name="HoldMustBeContinuousAndAligned" />
    </UnitTest>
    <UnitTest name="BrakingStopsAndHoldsWithBrakeLight" storage="/home/user/drivingschoolsim/tests/dotnet/bin/debug/net8.0/ds.puretests.dll" id="ee83b5d0-befc-12c9-5c60-532161b9388d">
      <Execution id="214be571-c53a-4ece-9eff-ca188c8320e2" />
      <TestMethod codeBase="/home/user/DrivingSchoolSim/tests/dotnet/bin/Debug/net8.0/DS.PureTests.dll" adapterTypeName="executor://nunit3testexecutor/" className="DrivingSchool.Tests.VehicleDynamicsTests" name="BrakingStopsAndHoldsWithBrakeLight" />
    </UnitTest>
    <UnitTest name="TurnSignal_ProperIndicatorUsage_PassesCleanly" storage="/home/user/drivingschoolsim/tests/dotnet/bin/debug/net8.0/ds.puretests.dll" id="9108a34c-3940-0d09-5784-ee8778828957">
      <Execution id="a91dc0c4-4dc4-4043-9ca8-ced8b3a260b2" />
      <TestMethod codeBase="/home/user/DrivingSchoolSim/tests/dotnet/bin/Debug/net8.0/DS.PureTests.dll" adapterTypeName="executor://nunit3testexecutor/" className="DrivingSchool.Tests.RuleEvaluatorTests" name="TurnSignal_ProperIndicatorUsage_PassesCleanly" />
    </UnitTest>
    <UnitTest name="IntervalWaitsBeforeSweeping" storage="/home/user/drivingschoolsim/tests/dotnet/bin/debug/net8.0/ds.puretests.dll" id="9487e258-3152-7e28-c14a-11ac7d582b53">
      <Execution id="0e4a19b2-491a-4ad1-aad7-5c6c3a31778e" />
      <TestMethod codeBase="/home/user/DrivingSchoolSim/tests/dotnet/bin/Debug/net8.0/DS.PureTests.dll" adapterTypeName="executor://nunit3testexecutor/" className="DrivingSchool.Tests.WiperTests" name="IntervalWaitsBeforeSweeping" />
    </UnitTest>
    <UnitTest name="HillRollbackUsesAuthoredHeading(0)" storage="/home/user/drivingschoolsim/tests/dotnet/bin/debug/net8.0/ds.puretests.dll" id="c1e1b2d8-e1b1-8f2f-b2a8-229f293c469c">
      <Execution id="2011e508-84cb-4b55-bcb0-c532ca8b433f" />
      <TestMethod codeBase="/home/user/DrivingSchoolSim/tests/dotnet/bin/Debug/net8.0/DS.PureTests.dll" adapterTypeName="executor://nunit3testexecutor/" className="DrivingSchool.Tests.TrainingCourseTests" name="HillRollbackUsesAuthoredHeading(0)" />
    </UnitTest>
    <UnitTest name="InvalidInputs_ThrowArgumentOutOfRangeException" storage="/home/user/drivingschoolsim/tests/dotnet/bin/debug/net8.0/ds.puretests.dll" id="cbc1df28-fbbf-7d94-f006-2f360015cdef">
      <Execution id="1b4ee664-9182-43ed-912a-8a8840d7e9cb" />
      <TestMethod codeBase="/home/user/DrivingSchoolSim/tests/dotnet/bin/Debug/net8.0/DS.PureTests.dll" adapterTypeName="executor://nunit3testexecutor/" className="DrivingSchool.Tests.EngineModelTests" name="InvalidInputs_ThrowArgumentOutOfRangeException" />
    </UnitTest>
    <UnitTest name="SpeedLimit_BelowThreshold_DoesNotTrigger" storage="/home/user/drivingschoolsim/tests/dotnet/bin/debug/net8.0/ds.puretests.dll" id="17d524d8-a992-2541-e0d8-9d0f0c5c0c4b">
      <Execution id="f7906e3a-3f86-4da3-ad62-3278d93ae54d" />
      <TestMethod codeBase="/home/user/DrivingSchoolSim/tests/dotnet/bin/Debug/net8.0/DS.PureTests.dll" adapterTypeName="executor://nunit3testexecutor/" className="DrivingSchool.Tests.RuleEvaluatorTests" name="SpeedLimit_BelowThreshold_DoesNotTrigger" />
    </UnitTest>
    <UnitTest name="InvalidGearThrows" storage="/home/user/drivingschoolsim/tests/dotnet/bin/debug/net8.0/ds.puretests.dll" id="4c8aea8e-ffd6-143e-2374-d2777fb4dc8d">
      <Execution id="2ad235e3-08b8-46dd-9d04-cfe1c04ddf10" />
[...]
    </UnitTest>
    <UnitTest name="ReverseEntryLatchClearsOnExit" storage="/home/user/drivingschoolsim/tests/dotnet/bin/debug/net8.0/ds.puretests.dll" id="bcc4fba0-67ce-5cb4-d757-694bff9231e4">
      <Execution id="8968f3df-6974-4875-a9f6-2b9d3eb19cc3" />
      <TestMethod codeBase="/home/user/DrivingSchoolSim/tests/dotnet/bin/Debug/net8.0/DS.PureTests.dll" adapterTypeName="executor://nunit3testexecutor/" className="DrivingSchool.Tests.TrainingCourseTests" name="ReverseEntryLatchClearsOnExit" />
    </UnitTest>
    <UnitTest name="TurningOffIgnition_StopsEngine" storage="/home/user/drivingschoolsim/tests/dotnet/bin/debug/net8.0/ds.puretests.dll" id="a70cc68f-2a64-4840-a180-4d0933ed0e6a">
      <Execution id="ca6ecf28-7b80-442a-b9df-e393693069bf" />
      <TestMethod codeBase="/home/user/DrivingSchoolSim/tests/dotnet/bin/Debug/net8.0/DS.PureTests.dll" adapterTypeName="executor://nunit3testexecutor/" className="DrivingSchool.Tests.EngineModelTests" name="TurningOffIgnition_StopsEngine" />
    </UnitTest>
    <UnitTest name="SingleLessonDoesNotRequireTransfer" storage="/home/user/drivingschoolsim/tests/dotnet/bin/debug/net8.0/ds.puretests.dll" id="9ce3fb48-89bb-e620-f916-4944c62846cf">
      <Execution id="aa9b7afd-dcc1-4af0-9b8c-2bb751abf645" />
      <TestMethod codeBase="/home/user/DrivingSchoolSim/tests/dotnet/bin/Debug/net8.0/DS.PureTests.dll" adapterTypeName="executor://nunit3testexecutor/" className="DrivingSchool.Tests.TrainingCourseTests" name="SingleLessonDoesNotRequireTransfer" />
    </UnitTest>
    <UnitTest name="HighIsFasterThanLow" storage="/home/user/drivingschoolsim/tests/dotnet/bin/debug/net8.0/ds.puretests.dll" id="a35d1df2-b19b-fdec-5af6-9f73aeb526ad">
      <Execution id="d7c66c2b-51b9-40c2-94a7-f9f9026da0ff" />
      <TestMethod codeBase="/home/user/DrivingSchoolSim/tests/dotnet/bin/Debug/net8.0/DS.PureTests.dll" adapterTypeName="executor://nunit3testexecutor/" className="DrivingSchool.Tests.WiperTests" name="HighIsFasterThanLow" />
    </UnitTest>
    <UnitTest name="SelfCancelsAfterTurnCompleted" storage="/home/user/drivingschoolsim/tests/dotnet/bin/debug/net8.0/ds.puretests.dll" id="8411146d-848c-3dd3-b348-055106eb0a8f">
      <Execution id="bfabbc1e-b58a-41b4-b771-81618c6c8a27" />
      <TestMethod codeBase="/home/user/DrivingSchoolSim/tests/dotnet/bin/Debug/net8.0/DS.PureTests.dll" adapterTypeName="executor://nunit3testexecutor/" className="DrivingSchool.Tests.TurnSignalStalkTests" name="SelfCancelsAfterTurnCompleted" />
    </UnitTest>
    <UnitTest name="ExerciseBoundary_InsideBoundary_DoesNotTrigger" storage="/home/user/drivingschoolsim/tests/dotnet/bin/debug/net8.0/ds.puretests.dll" id="53d13a09-9b6e-aeda-cdef-9dcacde27c33">
      <Execution id="273df6ea-fc45-447e-bfbf-69fa27724c40" />
      <TestMethod codeBase="/home/user/DrivingSchoolSim/tests/dotnet/bin/Debug/net8.0/DS.PureTests.dll" adapterTypeName="executor://nunit3testexecutor/" className="DrivingSchool.Tests.RuleEvaluatorTests" name="ExerciseBoundary_InsideBoundary_DoesNotTrigger" />
    </UnitTest>
    <UnitTest name="ForceNeverExceedsFrictionCircle" storage="/home/user/drivingschoolsim/tests/dotnet/bin/debug/net8.0/ds.puretests.dll" id="c7245a06-676e-6cbf-5906-ad50a3964b66">
      <Execution id="3924d5d4-ea2a-4486-8373-a340e4989702" />
      <TestMethod codeBase="/home/user/DrivingSchoolSim/tests/dotnet/bin/Debug/net8.0/DS.PureTests.dll" adapterTypeName="executor://nunit3testexecutor/" className="DrivingSchool.Tests.TireModelTests" name="ForceNeverExceedsFrictionCircle" />
    </UnitTest>
    <UnitTest name="HillRollbackUsesAuthoredHeading(90)" storage="/home/user/drivingschoolsim/tests/dotnet/bin/debug/net8.0/ds.puretests.dll" id="6d58e06a-9955-ecc2-432c-6ef102b85b41">
      <Execution id="a461b224-38da-4770-96f6-2a1629e815ed" />
      <TestMethod codeBase="/home/user/DrivingSchoolSim/tests/dotnet/bin/Debug/net8.0/DS.PureTests.dll" adapterTypeName="executor://nunit3testexecutor/" className="DrivingSchool.Tests.TrainingCourseTests" name="HillRollbackUsesAuthoredHeading(90)" />
    </UnitTest>
  </TestDefinitions>
  <TestEntries>
    <TestEntry testId="14881234-6ed4-7ff0-b483-b396357ebcb9" executionId="924b0e65-91d4-4a32-9087-8f0e843a2bb1" testListId="8c84fa94-04c1-424b-9868-57a2d4851a1d" />
    <TestEntry testId="7fe4e989-8416-788a-8f3d-026d82b331e5" executionId="62d1e926-919d-45fb-9d56-3a2c08abe8e7" testListId="8c84fa94-04c1-424b-9868-57a2d4851a1d" />
    <TestEntry testId="ed8bfc80-1ac8-ac0e-c71b-08ad3ddcee56" executionId="bb65e457-908e-429d-bdcb-e797223d1214" testListId="8c84fa94-04c1-424b-9868-57a2d4851a1d" />
    <TestEntry testId="3c6a03d7-325b-99f8-cc97-e00b7d653a2c" executionId="1163110b-6050-463e-88a9-8bfe7bf5534f" testListId="8c84fa94-04c1-424b-9868-57a2d4851a1d" />
    <TestEntry testId="797f4118-0ec5-3791-139c-87e53c13ae6f" executionId="d0648ba7-66df-428e-ab1b-88956ec4cc17" testListId="8c84fa94-04c1-424b-9868-57a2d4851a1d" />
    <TestEntry testId="2301ecda-79c5-3eb6-1173-fade459d2a94" executionId="2d1892bc-d158-4d59-a92b-561ab8f8d00f" testListId="8c84fa94-04c1-424b-9868-57a2d4851a1d" />
    <TestEntry testId="3d0a6579-759a-d397-4667-3c589daeba63" executionId="fff822dd-bada-43b0-9953-b4277940af51" testListId="8c84fa94-04c1-424b-9868-57a2d4851a1d" />
    <TestEntry testId="dcd3adda-858b-0c85-bd06-ab1b3a7e3595" executionId="6fdb4c3e-238f-4dfe-829f-18383099203e" testListId="8c84fa94-04c1-424b-9868-57a2d4851a1d" />
    <TestEntry testId="f4ec2ff6-beb9-d550-0ff1-a638a8b24e47" executionId="3e6b1801-6a5c-41d9-a655-f7e7bd49c9b5" testListId="8c84fa94-04c1-424b-9868-57a2d4851a1d" />
    <TestEntry testId="bc2ce240-c912-3456-8c94-50955f2b1cc8" executionId="78ff8547-7a33-4624-bdd5-093efe9e2d02" testListId="8c84fa94-04c1-424b-9868-57a2d4851a1d" />
    <TestEntry testId="616004e1-86a3-7209-4235-acb09f56c6f8" executionId="045c70f4-c264-4704-a26a-8e6a395b03f1" testListId="8c84fa94-04c1-424b-9868-57a2d4851a1d" />
    <TestEntry testId="843a20c8-beef-5ddd-6da9-73758bd3e34b" executionId="021a0af2-aca3-4343-b103-3efe88e6ac5b" testListId="8c84fa94-04c1-424b-9868-57a2d4851a1d" />
    <TestEntry testId="fd20f004-c989-fa0a-6ae5-67212831098e" executionId="480615fb-7a9d-4354-9bd6-9af309b8ad19" testListId="8c84fa94-04c1-424b-9868-57a2d4851a1d" />
    <TestEntry testId="bcc4fba0-67ce-5cb4-d757-694bff9231e4" executionId="8968f3df-6974-4875-a9f6-2b9d3eb19cc3" testListId="8c84fa94-04c1-424b-9868-57a2d4851a1d" />
    <TestEntry testId="e5728d96-6c45-3559-ed12-401b1c9739a1" executionId="da1d32c0-1137-444a-a9b3-62a9df694858" testListId="8c84fa94-04c1-424b-9868-57a2d4851a1d" />
    <TestEntry testId="dd34f787-e359-5eab-b1a1-59a21475cd05" executionId="e128e257-bfc4-43e1-953c-feb24e3703f9" testListId="8c84fa94-04c1-424b-9868-57a2d4851a1d" />
    <TestEntry testId="ea3fe438-04dd-b7c0-bc7a-6620a4749d8b" executionId="852e2280-0826-45d0-9db1-b4a0f413a624" testListId="8c84fa94-04c1-424b-9868-57a2d4851a1d" />
    <TestEntry testId="a37d24c6-a40f-0c76-6045-4d82d0dd0573" executionId="f6d4685a-b989-4efb-9dab-19df57685bde" testListId="8c84fa94-04c1-424b-9868-57a2d4851a1d" />
    <TestEntry testId="56ec7869-57b2-d581-4338-170879f5b326" executionId="f0bfbb49-fdd0-427c-964d-78e93f1c11f0" testListId="8c84fa94-04c1-424b-9868-57a2d4851a1d" />
    <TestEntry testId="9487e258-3152-7e28-c14a-11ac7d582b53" executionId="0e4a19b2-491a-4ad1-aad7-5c6c3a31778e" testListId="8c84fa94-04c1-424b-9868-57a2d4851a1d" />
    <TestEntry testId="76fc2031-13af-3be7-2e0a-e9b8cabfa375" executionId="9ba4f45f-7189-4dcb-8fc2-703ec5f5a1cf" testListId="8c84fa94-04c1-424b-9868-57a2d4851a1d" />
    <TestEntry testId="07d76b06-33c8-6492-41de-6bcae824eea0" executionId="1337b9c7-1207-430a-b4f1-50ee95b6dd4f" testListId="8c84fa94-04c1-424b-9868-57a2d4851a1d" />
    <TestEntry testId="d8f8cd6c-85c8-36f3-7514-748ebc5111b3" executionId="c98094b3-2491-478e-9aad-ccbfa7987c1a" testListId="8c84fa94-04c1-424b-9868-57a2d4851a1d" />
    <TestEntry testId="4c8aea8e-ffd6-143e-2374-d2777fb4dc8d" executionId="2ad235e3-08b8-46dd-9d04-cfe1c04ddf10" testListId="8c84fa94-04c1-424b-9868-57a2d4851a1d" />
    <TestEntry testId="6e1fc439-373b-abe1-62d4-2d64f4692a34" executionId="0a040a07-3973-4206-9bab-2a1f933bcf57" testListId="8c84fa94-04c1-424b-9868-57a2d4851a1d" />
    <TestEntry testId="c1e1b2d8-e1b1-8f2f-b2a8-229f293c469c" executionId="2011e508-84cb-4b55-bcb0-c532ca8b433f" testListId="8c84fa94-04c1-424b-9868-57a2d4851a1d" />
    <TestEntry testId="a70cc68f-2a64-4840-a180-4d0933ed0e6a" executionId="ca6ecf28-7b80-442a-b9df-e393693069bf" testListId="8c84fa94-04c1-424b-9868-57a2d4851a1d" />
    <TestEntry testId="9102de04-eab8-e507-a2f3-9dcc0b24048b" executionId="19e7c852-8f2f-4b9f-92f7-2910b3c9fb03" testListId="8c84fa94-04c1-424b-9868-57a2d4851a1d" />
    <TestEntry testId="6d58e06a-9955-ecc2-432c-6ef102b85b41" executionId="a461b224-38da-4770-96f6-2a1629e815ed" testListId="8c84fa94-04c1-424b-9868-57a2d4851a1d" />
    <TestEntry testId="4df092f0-a41a-83ff-8194-529d807e4904" executionId="46f84912-7d39-4ce6-8c58-de53cc037892" testListId="8c84fa94-04c1-424b-9868-57a2d4851a1d" />
    <TestEntry testId="c3d76e0b-f385-d17a-5426-9d22e21b276d" executionId="52cd7ee6-fcd4-44dd-9c6c-53ffa3a03731" testListId="8c84fa94-04c1-424b-9868-57a2d4851a1d" />
    <TestEntry testId="2bdfdb18-af39-b91f-9364-f5824fab5d1e" executionId="81512605-963f-41ff-8ff4-bc3c8ea226f4" testListId="8c84fa94-04c1-424b-9868-57a2d4851a1d" />
    <TestEntry testId="761c76f0-793e-c2c1-00ad-c03c538db9a2" executionId="4fcc38a5-0847-417a-b9b8-71416d339924" testListId="8c84fa94-04c1-424b-9868-57a2d4851a1d" />
    <TestEntry testId="7500c22d-99e9-666b-70f2-44a7a7ecd67a" executionId="1cbe42f8-15b3-4480-9b4f-8e8da303520f" testListId="8c84fa94-04c1-424b-9868-57a2d4851a1d" />
    <TestEntry testId="9108a34c-3940-0d09-5784-ee8778828957" executionId="a91dc0c4-4dc4-4043-9ca8-ced8b3a260b2" testListId="8c84fa94-04c1-424b-9868-57a2d4851a1d" />
    <TestEntry testId="8411146d-848c-3dd3-b348-055106eb0a8f" executionId="bfabbc1e-b58a-41b4-b771-81618c6c8a27" testListId="8c84fa94-04c1-424b-9868-57a2d4851a1d" />
    <TestEntry testId="a53b2610-b86c-2fe3-1c7c-5fafb17b1c2e" executionId="4679f057-3df7-4fd1-b4ba-048d70249e13" testListId="8c84fa94-04c1-424b-9868-57a2d4851a1d" />
    <TestEntry testId="c7245a06-676e-6cbf-5906-ad50a3964b66" executionId="3924d5d4-ea2a-4486-8373-a340e4989702" testListId="8c84fa94-04c1-424b-9868-57a2d4851a1d" />
    <TestEntry testId="93720f40-4e60-9628-a775-9d6ff5aabbe9" executionId="3525729c-2649-4b09-a948-647ad6ac1061" testListId="8c84fa94-04c1-424b-9868-57a2d4851a1d" />
    <TestEntry testId="45d2f48a-6fd6-00fe-95f8-d5707b186301" executionId="3a2636b2-b8f2-4360-8405-ae3b0fa924f7" testListId="8c84fa94-04c1-424b-9868-57a2d4851a1d" />
    <TestEntry testId="fa1ac2f9-1a88-4650-48d1-e08e21fa1788" executionId="435ae573-2129-49d8-b8ed-b14068c5daf8" testListId="8c84fa94-04c1-424b-9868-57a2d4851a1d" />
    <TestEntry testId="2b736ade-b72f-04cf-4f68-5b8af57393d7" executionId="0ad8ca98-2c5c-4e23-8882-e3f1cf868885" testListId="8c84fa94-04c1-424b-9868-57a2d4851a1d" />
    <TestEntry testId="9ce3fb48-89bb-e620-f916-4944c62846cf" executionId="aa9b7afd-dcc1-4af0-9b8c-2bb751abf645" testListId="8c84fa94-04c1-424b-9868-57a2d4851a1d" />
    <TestEntry testId="15d67527-4e8c-07b8-2f98-6d67a3796a5c" executionId="eb178561-bbb1-44bd-92ed-c973d465aa54" testListId="8c84fa94-04c1-424b-9868-57a2d4851a1d" />
    <TestEntry testId="7064bdab-389c-60e0-9318-79434a45c344" executionId="17056c01-6696-4592-8615-f09af4cd7f9d" testListId="8c84fa94-04c1-424b-9868-57a2d4851a1d" />
    <TestEntry testId="be9db9b8-73e7-b7cc-20fd-aecabb01fd1c" executionId="e62eb38b-bab2-4809-a6d5-81516c0f6d58" testListId="8c84fa94-04c1-424b-9868-57a2d4851a1d" />
    <TestEntry testId="9c445514-fbc6-b900-e36d-a1ae3f900b67" executionId="1bf9f242-ff6e-4e5e-9f77-721aa172e7d8" testListId="8c84fa94-04c1-424b-9868-57a2d4851a1d" />
    <TestEntry testId="ad4cec4e-d3cd-040a-0e62-1fc2a61ef812" executionId="317e5ede-340b-4bcc-8c67-2c6876301eae" testListId="8c84fa94-04c1-424b-9868-57a2d4851a1d" />
    <TestEntry testId="fc3397df-28fc-50f7-13be-ccd154747fcd" executionId="6056105d-c5a9-4497-b5b4-c54ac7574b1e" testListId="8c84fa94-04c1-424b-9868-57a2d4851a1d" />
    <TestEntry testId="c1890c78-803d-fde4-59e4-16c4cf7296dd" executionId="bbc9f071-e47d-442f-8149-d69e5eefdd9f" testListId="8c84fa94-04c1-424b-9868-57a2d4851a1d" />
    <TestEntry testId="4a5e3055-1553-22be-8fb4-eb54814ef448" executionId="72587bec-5a63-43e4-9015-b5f044ac8e08" testListId="8c84fa94-04c1-424b-9868-57a2d4851a1d" />
    <TestEntry testId="3157ceef-b623-f744-625c-e751249562c1" executionId="e1ae62f1-c81a-49f9-8805-e2bfdffdf880" testListId="8c84fa94-04c1-424b-9868-57a2d4851a1d" />
    <TestEntry testId="a35d1df2-b19b-fdec-5af6-9f73aeb526ad" executionId="d7c66c2b-51b9-40c2-94a7-f9f9026da0ff" testListId="8c84fa94-04c1-424b-9868-57a2d4851a1d" />
    <TestEntry testId="8e575184-bae9-1224-04c3-d4d48c9cf7b1" executionId="a7aea124-b362-4727-abbb-4baf83f61589" testListId="8c84fa94-04c1-424b-9868-57a2d4851a1d" />
    <TestEntry testId="6e54bebc-ec59-897c-2fff-a09af1500d76" executionId="0bc648b8-f656-46e5-9540-6d7c03a46bed" testListId="8c84fa94-04c1-424b-9868-57a2d4851a1d" />
    <TestEntry testId="33fc64ed-4a8a-7041-5115-ca9d434e5bfb" executionId="90cd3785-9120-4baf-a9a9-25a817f60ba7" testListId="8c84fa94-04c1-424b-9868-57a2d4851a1d" />
    <TestEntry testId="8493227b-b60b-4ec1-5cc0-2dec947440cb" executionId="c615d5a7-351d-4e03-8302-3b72f40dd38e" testListId="8c84fa94-04c1-424b-9868-57a2d4851a1d" />
    <TestEntry testId="cbc1df28-fbbf-7d94-f006-2f360015cdef" executionId="1b4ee664-9182-43ed-912a-8a8840d7e9cb" testListId="8c84fa94-04c1-424b-9868-57a2d4851a1d" />
    <TestEntry testId="2df2a802-bd0b-5a8a-3b30-b1693f70babf" executionId="db612d1e-cf44-4d31-9650-29c5467a2e21" testListId="8c84fa94-04c1-424b-9868-57a2d4851a1d" />
    <TestEntry testId="491e06c8-126e-2572-f22a-cba78ddcc28b" executionId="6c673a67-79cb-4f4c-87f2-eafab806a822" testListId="8c84fa94-04c1-424b-9868-57a2d4851a1d" />
    <TestEntry testId="17d524d8-a992-2541-e0d8-9d0f0c5c0c4b" executionId="f7906e3a-3f86-4da3-ad62-3278d93ae54d" testListId="8c84fa94-04c1-424b-9868-57a2d4851a1d" />
    <TestEntry testId="583b6d91-df16-783b-6e72-fbc893cdde47" executionId="821b5827-3420-4bad-a8f3-2dd72e7bc871" testListId="8c84fa94-04c1-424b-9868-57a2d4851a1d" />
    <TestEntry testId="416f0c45-ecbf-d229-0e9d-475a94883b0c" executionId="3942aef9-16d0-4e68-93f4-6c060c4ee79c" testListId="8c84fa94-04c1-424b-9868-57a2d4851a1d" />
    <TestEntry testId="8c3f3d59-094b-36f9-23f5-6095fb0d8f7a" executionId="9700eae3-beeb-4682-9ccc-26a46e481eff" testListId="8c84fa94-04c1-424b-9868-57a2d4851a1d" />
    <TestEntry testId="905a431b-e53d-612c-8fc5-9806bf4948e2" executionId="480b2c55-8222-486b-8930-79d27ccdf786" testListId="8c84fa94-04c1-424b-9868-57a2d4851a1d" />
    <TestEntry testId="1270dcd3-32c9-6607-4a7a-e5af97baf0c7" executionId="fe5609ec-d58d-4fb1-9159-16572bc39ff8" testListId="8c84fa94-04c1-424b-9868-57a2d4851a1d" />
    <TestEntry testId="68e5eb73-6208-c835-32e9-4ad971ccf3d0" executionId="795b33d7-4687-4d15-a975-9452af2e8174" testListId="8c84fa94-04c1-424b-9868-57a2d4851a1d" />
    <TestEntry testId="db344955-8396-1038-de03-8ddd9dce8c4e" executionId="80220768-2fe1-4e1f-b301-dff478ae1f50" testListId="8c84fa94-04c1-424b-9868-57a2d4851a1d" />
    <TestEntry testId="f8f10d2f-3cd5-71e6-b573-743b0546a93c" executionId="98b21c2f-a6fc-423b-9794-fa91184ca186" testListId="8c84fa94-04c1-424b-9868-57a2d4851a1d" />
    <TestEntry testId="260b7965-7294-4658-4dae-e893a2fce4f3" executionId="e2ba6012-38b0-47a1-8551-8c3d0f8f7c97" testListId="8c84fa94-04c1-424b-9868-57a2d4851a1d" />
    <TestEntry testId="ee83b5d0-befc-12c9-5c60-532161b9388d" executionId="214be571-c53a-4ece-9eff-ca188c8320e2" testListId="8c84fa94-04c1-424b-9868-57a2d4851a1d" />
    <TestEntry testId="f23de1be-ce6b-d54b-c2b6-84f1069bb68c" executionId="043b055d-c1be-4383-8292-3b0041672685" testListId="8c84fa94-04c1-424b-9868-57a2d4851a1d" />
    <TestEntry testId="4bc53245-d339-e990-de78-f622f38191a4" executionId="f20d1b9c-d292-4c28-a6e6-71f5134692e5" testListId="8c84fa94-04c1-424b-9868-57a2d4851a1d" />
    <TestEntry testId="3322b6c2-b358-dd34-c642-2256092b3314" executionId="29b36607-ecd9-46b6-acd5-e75076057d79" testListId="8c84fa94-04c1-424b-9868-57a2d4851a1d" />
    <TestEntry testId="ff050d24-3eb2-7874-d1ac-d881f52779a0" executionId="d9b6eb3b-28ce-4cef-9c69-ed1b540a0bf3" testListId="8c84fa94-04c1-424b-9868-57a2d4851a1d" />
    <TestEntry testId="bb56ff93-f6e9-b024-78a5-493be0cee804" executionId="53365859-3e4a-45ad-b912-74e5120123f5" testListId="8c84fa94-04c1-424b-9868-57a2d4851a1d" />
    <TestEntry testId="5f719688-940d-0a42-fb0b-368e7a95b071" executionId="26c8d6b9-8837-4f81-bb52-2e255451a8cf" testListId="8c84fa94-04c1-424b-9868-57a2d4851a1d" />
    <TestEntry testId="a7aeb4cd-791d-2558-ba9c-00b10ed7924a" executionId="471348bf-6c05-4792-9afe-50cfd0f7f682" testListId="8c84fa94-04c1-424b-9868-57a2d4851a1d" />
    <TestEntry testId="48d4aeeb-c9c9-cfdf-ce70-21869b78175f" executionId="3431dda0-aac2-4536-997a-a2b798f04481" testListId="8c84fa94-04c1-424b-9868-57a2d4851a1d" />
    <TestEntry testId="53d13a09-9b6e-aeda-cdef-9dcacde27c33" executionId="273df6ea-fc45-447e-bfbf-69fa27724c40" testListId="8c84fa94-04c1-424b-9868-57a2d4851a1d" />
    <TestEntry testId="64fcd665-b136-64e3-c0fa-8678896dbada" executionId="5d2932a2-194b-4258-ae61-8681192b5c65" testListId="8c84fa94-04c1-424b-9868-57a2d4851a1d" />
    <TestEntry testId="cdf3aaf0-999b-922c-ed06-f931af688bea" executionId="e370e683-697a-4884-a258-c0098d1edaa6" testListId="8c84fa94-04c1-424b-9868-57a2d4851a1d" />
    <TestEntry testId="01612b27-d957-d934-c7f0-81cee05c8944" executionId="30a26271-e46c-4ad7-8d1a-72546e0cb155" testListId="8c84fa94-04c1-424b-9868-57a2d4851a1d" />
    <TestEntry testId="6579d1ec-e2b1-7b1a-cfe8-fe3f1d7e52d0" executionId="75bb6736-a578-491c-a59d-76f6f30dd492" testListId="8c84fa94-04c1-424b-9868-57a2d4851a1d" />
    <TestEntry testId="d1309814-88a2-4f27-e899-f49a00ec76cb" executionId="89f8d61e-e189-44a3-a3f7-73b104434bb5" testListId="8c84fa94-04c1-424b-9868-57a2d4851a1d" />
    <TestEntry testId="3689f1cc-e619-e9f6-d92e-404f851b6fef" executionId="d2cee749-4284-4861-8f92-423d93159f8f" testListId="8c84fa94-04c1-424b-9868-57a2d4851a1d" />
    <TestEntry testId="a5b8849f-7e9e-d8bc-aac5-5392d107b5e3" executionId="3620fe85-edee-4b05-8205-0e8446919b98" testListId="8c84fa94-04c1-424b-9868-57a2d4851a1d" />
    <TestEntry testId="ac96bda8-06b4-c7ea-ecf9-fe0c5f20ec25" executionId="cb2c2c83-e805-434d-9397-5bc4c8245d0e" testListId="8c84fa94-04c1-424b-9868-57a2d4851a1d" />
    <TestEntry testId="91706826-8014-ab84-b289-d819861988cf" executionId="2765cfc4-b028-4b03-a23d-ab1473f5c39a" testListId="8c84fa94-04c1-424b-9868-57a2d4851a1d" />
    <TestEntry testId="f0a10df0-4f00-0116-5ff9-ab05f7675284" executionId="8b1303fa-ff29-4d1d-94cc-99b667b99386" testListId="8c84fa94-04c1-424b-9868-57a2d4851a1d" />
  </TestEntries>
  <TestLists>
    <TestList name="Results Not in a List" id="8c84fa94-04c1-424b-9868-57a2d4851a1d" />
    <TestList name="All Loaded Results" id="19431567-8539-422a-85d7-44ee4e166bda" />
  </TestLists>
  <ResultSummary outcome="Completed">
    <Counters total="90" executed="90" passed="90" failed="0" error="0" timeout="0" aborted="0" inconclusive="0" passedButRunAborted="0" notRunnable="0" notExecuted="0" disconnected="0" warning="0" completed="0" inProgress="0" pending="0" />
    <Output>
      <StdOut>NUnit Adapter 4.6.0.0: Test execution started
Running all tests in /home/user/DrivingSchoolSim/tests/dotnet/bin/Debug/net8.0/DS.PureTests.dll
   NUnit3TestExecutor discovered 90 of 90 NUnit test cases using Current Discovery mode, Non-Explicit run
NUnit Adapter 4.6.0.0: Test execution complete
</StdOut>
    </Output>
  </ResultSummary>
</TestRun>